[22:35:51.973] [INFO   ] thread main starting.
[22:35:51.991] [SEVERE ] cannot read configuration file config.properties trying from resources.
[22:35:52.002] [SEVERE ] configuration file was loaded from resources directory.
[22:35:53.460] [INFO   ] thread dealer starting.
[22:35:53.460] [INFO   ] thread dealer starting.
[22:35:53.461] [INFO   ] thread player 0 starting.
[22:35:53.462] [INFO   ] thread player 1 starting.
[22:35:53.462] [INFO   ] thread player 0 starting.
[22:35:53.463] [INFO   ] thread player 1 starting.
[22:35:53.571] [SEVERE ] placing card 59 in slot 6
[22:35:53.677] [SEVERE ] placing card 60 in slot 1
[22:35:53.781] [SEVERE ] placing card 30 in slot 10
[22:35:53.883] [SEVERE ] placing card 54 in slot 0
[22:35:53.985] [SEVERE ] placing card 67 in slot 2
[22:35:54.088] [SEVERE ] placing card 42 in slot 7
[22:35:54.192] [SEVERE ] placing card 12 in slot 9
[22:35:54.296] [SEVERE ] placing card 5 in slot 11
[22:35:54.397] [SEVERE ] placing card 35 in slot 8
[22:35:54.499] [SEVERE ] placing card 40 in slot 4
[22:35:54.601] [SEVERE ] placing card 32 in slot 5
[22:35:54.704] [SEVERE ] placing card 75 in slot 3
[22:35:54.706] [SEVERE ] updating countdown to 60000
[22:35:55.724] [SEVERE ] updating countdown to 58984
[22:35:56.732] [SEVERE ] updating countdown to 57976
[22:35:57.050] [SEVERE ] exit button pressed
[22:35:57.745] [SEVERE ] updating countdown to 56963
