[18:25:36.188] [INFO   ] thread main starting.
[18:25:36.212] [SEVERE ] cannot read configuration file config.properties trying from resources.
[18:25:36.224] [SEVERE ] configuration file was loaded from resources directory.
[18:25:37.845] [INFO   ] thread dealer starting.
[18:25:37.846] [INFO   ] thread dealer starting.
[18:25:37.847] [INFO   ] thread player 0 starting.
[18:25:37.848] [INFO   ] thread player 1 starting.
[18:25:37.848] [INFO   ] thread player 0 starting.
[18:25:37.849] [INFO   ] thread player 1 starting.
[18:25:37.958] [SEVERE ] placing card 79 in slot 6
[18:25:38.059] [SEVERE ] placing card 52 in slot 0
[18:25:38.162] [SEVERE ] placing card 66 in slot 1
[18:25:38.263] [SEVERE ] placing card 70 in slot 5
[18:25:38.365] [SEVERE ] placing card 57 in slot 7
[18:25:38.466] [SEVERE ] placing card 14 in slot 2
[18:25:38.567] [SEVERE ] placing card 54 in slot 3
[18:25:38.668] [SEVERE ] placing card 6 in slot 9
[18:25:38.769] [SEVERE ] placing card 53 in slot 8
[18:25:38.871] [SEVERE ] placing card 30 in slot 4
[18:25:38.972] [SEVERE ] placing card 63 in slot 11
[18:25:39.075] [SEVERE ] placing card 3 in slot 10
[18:25:39.077] [SEVERE ] updating countdown to 60000
[18:25:40.084] [SEVERE ] updating countdown to 59000
[18:25:41.086] [SEVERE ] updating countdown to 57998
[18:25:41.722] [SEVERE ] key 81 was pressed by player 1
[18:25:41.728] [SEVERE ] player 1 placing token on slot 0
[18:25:42.087] [SEVERE ] updating countdown to 56997
[18:25:42.131] [SEVERE ] key 87 was pressed by player 1
[18:25:42.132] [SEVERE ] player 1 placing token on slot 1
[18:25:42.517] [SEVERE ] key 69 was pressed by player 1
[18:25:42.518] [SEVERE ] player 1 placing token on slot 2
[18:25:43.090] [SEVERE ] updating countdown to 55995
[18:25:43.092] [SEVERE ] setting player 1 freeze to 0
[18:25:44.092] [SEVERE ] updating countdown to 54992
[18:25:45.094] [SEVERE ] updating countdown to 53991
[18:25:46.093] [SEVERE ] setting player 1 freeze to 1000
[18:25:46.095] [SEVERE ] updating countdown to 52989
[18:25:47.099] [SEVERE ] updating countdown to 51985
[18:25:48.101] [SEVERE ] updating countdown to 50983
[18:25:49.098] [SEVERE ] setting player 1 freeze to 2000
[18:25:49.103] [SEVERE ] updating countdown to 49982
[18:25:50.104] [SEVERE ] updating countdown to 48980
[18:25:51.106] [SEVERE ] updating countdown to 47978
[18:25:52.099] [SEVERE ] setting player 1 freeze to 0
[18:25:52.107] [SEVERE ] updating countdown to 46977
[18:25:52.112] [SEVERE ] setting player 1 freeze to 0
[18:25:53.112] [SEVERE ] updating countdown to 45972
[18:25:54.113] [SEVERE ] updating countdown to 44971
[18:25:54.950] [SEVERE ] exit button pressed
[18:25:55.115] [SEVERE ] updating countdown to 43969
[18:25:55.121] [SEVERE ] setting player 1 freeze to 1000
[18:25:56.117] [SEVERE ] updating countdown to 42967
[18:25:57.119] [SEVERE ] updating countdown to 41965
[18:25:58.122] [SEVERE ] updating countdown to 40962
[18:25:58.122] [SEVERE ] setting player 1 freeze to 2000
[18:25:59.123] [SEVERE ] updating countdown to 39961
