[19:58:21.997] [INFO   ] thread main starting.
[19:58:22.029] [SEVERE ] cannot read configuration file config.properties trying from resources.
[19:58:22.047] [SEVERE ] configuration file was loaded from resources directory.
[19:58:24.256] [INFO   ] thread dealer starting.
[19:58:24.259] [INFO   ] thread dealer starting.
[19:58:24.260] [INFO   ] thread player 0 starting.
[19:58:24.265] [INFO   ] thread player 1 starting.
[19:58:24.265] [INFO   ] thread player 0 starting.
[19:58:24.272] [INFO   ] thread player 1 starting.
[19:58:24.382] [SEVERE ] placing card 68 in slot 3
[19:58:24.484] [SEVERE ] placing card 59 in slot 11
[19:58:24.592] [SEVERE ] placing card 40 in slot 7
[19:58:24.694] [SEVERE ] placing card 48 in slot 10
[19:58:24.796] [SEVERE ] placing card 42 in slot 0
[19:58:24.898] [SEVERE ] placing card 65 in slot 9
[19:58:25.000] [SEVERE ] placing card 14 in slot 5
[19:58:25.101] [SEVERE ] placing card 58 in slot 8
[19:58:25.202] [SEVERE ] placing card 76 in slot 6
[19:58:25.304] [SEVERE ] placing card 21 in slot 2
[19:58:25.406] [SEVERE ] placing card 27 in slot 1
[19:58:25.508] [SEVERE ] placing card 62 in slot 4
[19:58:25.510] [SEVERE ] updating countdown to 59999
[19:58:26.058] [SEVERE ] key 81 was pressed by player 1
[19:58:26.468] [SEVERE ] key 87 was pressed by player 1
[19:58:26.512] [SEVERE ] updating countdown to 59000
[19:58:26.920] [SEVERE ] key 69 was pressed by player 1
[19:58:26.959] [SEVERE ] key 87 was pressed by player 1
[19:58:27.514] [SEVERE ] updating countdown to 57998
[19:58:28.516] [SEVERE ] updating countdown to 56996
[19:58:29.518] [SEVERE ] updating countdown to 55994
[19:58:30.519] [SEVERE ] updating countdown to 54993
[19:58:31.521] [SEVERE ] updating countdown to 53991
