[20:59:00.869] [INFO   ] thread main starting.
[20:59:00.894] [SEVERE ] cannot read configuration file config.properties trying from resources.
[20:59:00.903] [SEVERE ] configuration file was loaded from resources directory.
[20:59:02.056] [INFO   ] thread dealer starting.
[20:59:02.058] [INFO   ] thread dealer starting.
[20:59:02.058] [INFO   ] thread player 0 starting.
[20:59:02.060] [INFO   ] thread player 1 starting.
[20:59:02.172] [SEVERE ] placing card 56 in slot 5
[20:59:02.273] [SEVERE ] placing card 34 in slot 6
[20:59:02.375] [SEVERE ] placing card 53 in slot 1
[20:59:02.476] [SEVERE ] placing card 52 in slot 8
[20:59:02.583] [SEVERE ] placing card 58 in slot 4
[20:59:02.684] [SEVERE ] placing card 63 in slot 11
[20:59:02.786] [SEVERE ] placing card 13 in slot 7
[20:59:02.887] [SEVERE ] placing card 16 in slot 0
[20:59:02.988] [SEVERE ] placing card 40 in slot 10
[20:59:03.089] [SEVERE ] placing card 30 in slot 9
[20:59:03.190] [SEVERE ] placing card 72 in slot 2
[20:59:03.292] [SEVERE ] placing card 70 in slot 3
[20:59:03.293] [SEVERE ] updating countdown to 60000
[20:59:04.296] [SEVERE ] updating countdown to 58999
[20:59:05.297] [SEVERE ] updating countdown to 57998
[20:59:05.439] [SEVERE ] key 81 was pressed by player 1
[20:59:05.736] [SEVERE ] key 87 was pressed by player 1
[20:59:06.282] [SEVERE ] key 69 was pressed by player 1
[20:59:06.299] [SEVERE ] updating countdown to 56996
[20:59:07.300] [SEVERE ] updating countdown to 55995
[20:59:07.576] [SEVERE ] key 81 was pressed by player 1
[20:59:08.301] [SEVERE ] updating countdown to 54994
[20:59:09.303] [SEVERE ] updating countdown to 53992
[20:59:10.304] [SEVERE ] updating countdown to 52991
[20:59:11.306] [SEVERE ] updating countdown to 51989
[20:59:12.307] [SEVERE ] updating countdown to 50988
[20:59:13.308] [SEVERE ] updating countdown to 49987
[20:59:14.278] [INFO   ] thread player 1 starting.
[20:59:14.309] [SEVERE ] updating countdown to 48986
[20:59:15.310] [SEVERE ] updating countdown to 47985
[20:59:16.311] [SEVERE ] updating countdown to 46984
[20:59:17.313] [SEVERE ] updating countdown to 45982
[20:59:18.314] [SEVERE ] updating countdown to 44981
[20:59:19.315] [SEVERE ] updating countdown to 43980
[20:59:20.316] [SEVERE ] updating countdown to 42979
[20:59:21.318] [SEVERE ] updating countdown to 41978
[20:59:22.319] [SEVERE ] updating countdown to 40976
[20:59:22.344] [INFO   ] thread player 0 starting.
[20:59:23.320] [SEVERE ] updating countdown to 39975
[20:59:24.322] [SEVERE ] updating countdown to 38973
[20:59:25.323] [SEVERE ] updating countdown to 37972
[20:59:26.325] [SEVERE ] updating countdown to 36971
[20:59:27.325] [SEVERE ] updating countdown to 35970
[20:59:28.327] [SEVERE ] updating countdown to 34968
[20:59:29.328] [SEVERE ] updating countdown to 33967
[20:59:30.329] [SEVERE ] updating countdown to 32966
[20:59:31.330] [SEVERE ] updating countdown to 31965
[20:59:32.331] [SEVERE ] updating countdown to 30964
[20:59:33.332] [SEVERE ] updating countdown to 29963
[20:59:34.334] [SEVERE ] updating countdown to 28961
[20:59:35.335] [SEVERE ] updating countdown to 27960
[20:59:36.336] [SEVERE ] updating countdown to 26959
[20:59:37.337] [SEVERE ] updating countdown to 25958
[20:59:38.338] [SEVERE ] updating countdown to 24957
[20:59:39.339] [SEVERE ] updating countdown to 23956
[20:59:40.340] [SEVERE ] updating countdown to 22956
[20:59:41.341] [SEVERE ] updating countdown to 21954
[20:59:42.342] [SEVERE ] updating countdown to 20953
[20:59:43.344] [SEVERE ] updating countdown to 19951
[20:59:44.346] [SEVERE ] updating countdown to 18950
[20:59:45.348] [SEVERE ] updating countdown to 17947
[20:59:46.349] [SEVERE ] updating countdown to 16946
[20:59:47.351] [SEVERE ] updating countdown to 15945
[20:59:48.352] [SEVERE ] updating countdown to 14943
[20:59:49.355] [SEVERE ] updating countdown to 13940
[20:59:50.356] [SEVERE ] updating countdown to 12939
[20:59:51.359] [SEVERE ] updating countdown to 11937
[20:59:52.360] [SEVERE ] updating countdown to 10935
[20:59:53.362] [SEVERE ] updating countdown to 9933
[20:59:54.364] [SEVERE ] updating countdown to 8931
[20:59:55.365] [SEVERE ] updating countdown to 7930
[20:59:56.367] [SEVERE ] updating countdown to 6928
[20:59:57.369] [SEVERE ] updating countdown to 5926
[21:00:19.220] [SEVERE ] key 87 was pressed by player 1
[21:00:37.092] [SEVERE ] player 1 placing token on slot 0
[21:00:48.352] [SEVERE ] player 1 placing token on slot 1
[21:00:48.352] [SEVERE ] key 69 was pressed by player 1
[21:01:02.037] [SEVERE ] key 69 was pressed by player 1
[21:01:32.023] [SEVERE ] player 1 placing token on slot 2
