[18:23:33.568] [INFO   ] thread main starting.
[18:23:33.604] [SEVERE ] cannot read configuration file config.properties trying from resources.
[18:23:33.621] [SEVERE ] configuration file was loaded from resources directory.
[18:23:35.884] [INFO   ] thread dealer starting.
[18:23:35.885] [INFO   ] thread dealer starting.
[18:23:35.886] [INFO   ] thread player 0 starting.
[18:23:35.887] [INFO   ] thread player 1 starting.
[18:23:35.887] [INFO   ] thread player 0 starting.
[18:23:35.888] [INFO   ] thread player 1 starting.
[18:23:35.999] [SEVERE ] placing card 63 in slot 9
[18:23:36.100] [SEVERE ] placing card 15 in slot 8
[18:23:36.203] [SEVERE ] placing card 19 in slot 4
[18:23:36.304] [SEVERE ] placing card 23 in slot 6
[18:23:36.406] [SEVERE ] placing card 77 in slot 1
[18:23:36.507] [SEVERE ] placing card 35 in slot 11
[18:23:36.609] [SEVERE ] placing card 72 in slot 5
[18:23:36.710] [SEVERE ] placing card 12 in slot 0
[18:23:36.812] [SEVERE ] placing card 14 in slot 7
[18:23:36.914] [SEVERE ] placing card 37 in slot 3
[18:23:37.016] [SEVERE ] placing card 41 in slot 2
[18:23:37.117] [SEVERE ] placing card 53 in slot 10
[18:23:37.119] [SEVERE ] updating countdown to 60000
[18:23:38.122] [SEVERE ] updating countdown to 59000
[18:23:39.123] [SEVERE ] updating countdown to 57998
[18:23:40.125] [SEVERE ] updating countdown to 56997
[18:23:41.126] [SEVERE ] updating countdown to 55995
[18:23:42.128] [SEVERE ] updating countdown to 54993
[18:23:43.129] [SEVERE ] updating countdown to 53992
[18:23:44.131] [SEVERE ] updating countdown to 52990
[18:23:45.133] [SEVERE ] updating countdown to 51988
[18:23:46.135] [SEVERE ] updating countdown to 50986
[18:23:47.136] [SEVERE ] updating countdown to 49985
[18:23:48.138] [SEVERE ] updating countdown to 48983
[18:23:49.140] [SEVERE ] updating countdown to 47981
[18:23:50.142] [SEVERE ] updating countdown to 46979
[18:23:51.143] [SEVERE ] updating countdown to 45978
[18:23:52.145] [SEVERE ] updating countdown to 44976
[18:23:53.146] [SEVERE ] updating countdown to 43975
[18:23:54.148] [SEVERE ] updating countdown to 42973
[18:23:55.149] [SEVERE ] updating countdown to 41972
[18:23:56.152] [SEVERE ] updating countdown to 40970
[18:23:57.153] [SEVERE ] updating countdown to 39968
[18:23:58.154] [SEVERE ] updating countdown to 38967
[18:23:59.156] [SEVERE ] updating countdown to 37965
[18:24:00.157] [SEVERE ] updating countdown to 36964
[18:24:01.159] [SEVERE ] updating countdown to 35962
[18:24:02.161] [SEVERE ] updating countdown to 34960
[18:24:03.162] [SEVERE ] updating countdown to 33959
[18:24:04.164] [SEVERE ] updating countdown to 32957
[18:24:05.166] [SEVERE ] updating countdown to 31956
[18:24:06.167] [SEVERE ] updating countdown to 30954
[18:24:07.169] [SEVERE ] updating countdown to 29952
[18:24:07.488] [SEVERE ] key 47 was pressed by player 2
[18:24:07.490] [SEVERE ] player 2 placing token on slot 11
[18:24:08.170] [SEVERE ] updating countdown to 28951
[18:24:09.172] [SEVERE ] updating countdown to 27950
[18:24:09.260] [SEVERE ] key 47 was pressed by player 2
[18:24:09.261] [SEVERE ] removing player 2 token from slot 11
[18:24:09.947] [SEVERE ] key 47 was pressed by player 2
[18:24:09.950] [SEVERE ] player 2 placing token on slot 11
[18:24:10.173] [SEVERE ] updating countdown to 26948
[18:24:10.510] [SEVERE ] key 47 was pressed by player 2
[18:24:10.511] [SEVERE ] removing player 2 token from slot 11
[18:24:10.819] [SEVERE ] key 47 was pressed by player 2
[18:24:10.820] [SEVERE ] player 2 placing token on slot 11
[18:24:11.175] [SEVERE ] updating countdown to 25946
[18:24:12.176] [SEVERE ] updating countdown to 24945
[18:24:12.375] [SEVERE ] key 47 was pressed by player 2
[18:24:12.376] [SEVERE ] removing player 2 token from slot 11
[18:24:12.697] [SEVERE ] key 47 was pressed by player 2
[18:24:12.698] [SEVERE ] player 2 placing token on slot 11
[18:24:13.136] [SEVERE ] key 47 was pressed by player 2
[18:24:13.137] [SEVERE ] removing player 2 token from slot 11
[18:24:13.178] [SEVERE ] updating countdown to 23944
[18:24:13.358] [SEVERE ] key 47 was pressed by player 2
[18:24:13.358] [SEVERE ] player 2 placing token on slot 11
[18:24:14.179] [SEVERE ] updating countdown to 22942
[18:24:14.233] [SEVERE ] key 47 was pressed by player 2
[18:24:14.234] [SEVERE ] removing player 2 token from slot 11
[18:24:14.363] [SEVERE ] key 47 was pressed by player 2
[18:24:14.365] [SEVERE ] player 2 placing token on slot 11
[18:24:14.506] [SEVERE ] key 47 was pressed by player 2
[18:24:14.507] [SEVERE ] removing player 2 token from slot 11
[18:24:14.653] [SEVERE ] key 47 was pressed by player 2
[18:24:14.654] [SEVERE ] player 2 placing token on slot 11
[18:24:14.799] [SEVERE ] key 47 was pressed by player 2
[18:24:14.799] [SEVERE ] removing player 2 token from slot 11
[18:24:14.956] [SEVERE ] key 47 was pressed by player 2
[18:24:14.957] [SEVERE ] player 2 placing token on slot 11
[18:24:15.140] [SEVERE ] key 47 was pressed by player 2
[18:24:15.141] [SEVERE ] removing player 2 token from slot 11
[18:24:15.180] [SEVERE ] updating countdown to 21941
[18:24:16.181] [SEVERE ] updating countdown to 20940
[18:24:17.183] [SEVERE ] updating countdown to 19938
[18:24:18.185] [SEVERE ] updating countdown to 18936
[18:24:19.187] [SEVERE ] updating countdown to 17935
[18:24:19.287] [SEVERE ] key 81 was pressed by player 1
[18:24:19.288] [SEVERE ] player 1 placing token on slot 0
[18:24:19.747] [SEVERE ] key 87 was pressed by player 1
[18:24:19.748] [SEVERE ] player 1 placing token on slot 1
[18:24:19.976] [SEVERE ] key 69 was pressed by player 1
[18:24:19.977] [SEVERE ] player 1 placing token on slot 2
[18:24:20.188] [SEVERE ] updating countdown to 16933
[18:24:20.189] [SEVERE ] setting player 1 freeze to 0
[18:24:21.189] [SEVERE ] updating countdown to 15932
[18:24:22.191] [SEVERE ] updating countdown to 14931
[18:24:23.190] [SEVERE ] setting player 1 freeze to 1000
[18:24:23.192] [SEVERE ] updating countdown to 13929
[18:24:24.193] [SEVERE ] updating countdown to 12928
[18:24:25.195] [SEVERE ] updating countdown to 11926
[18:24:26.191] [SEVERE ] setting player 1 freeze to 2000
[18:24:26.196] [SEVERE ] updating countdown to 10925
[18:24:26.967] [SEVERE ] key 69 was pressed by player 1
[18:24:26.967] [SEVERE ] removing player 1 token from slot 2
[18:24:27.017] [SEVERE ] key 87 was pressed by player 1
[18:24:27.018] [SEVERE ] removing player 1 token from slot 1
[18:24:27.198] [SEVERE ] updating countdown to 9923
[18:24:27.478] [SEVERE ] key 81 was pressed by player 1
[18:24:27.479] [SEVERE ] removing player 1 token from slot 0
[18:24:28.200] [SEVERE ] updating countdown to 8921
[18:24:29.193] [SEVERE ] setting player 1 freeze to 0
[18:24:29.201] [SEVERE ] updating countdown to 7920
