[22:27:45.233] [INFO   ] thread main starting.
[22:27:45.253] [SEVERE ] cannot read configuration file config.properties trying from resources.
[22:27:45.261] [SEVERE ] configuration file was loaded from resources directory.
[22:27:46.471] [INFO   ] thread dealer starting.
[22:27:46.472] [INFO   ] thread dealer starting.
[22:27:46.473] [INFO   ] thread player 0 starting.
[22:27:46.474] [INFO   ] thread player 1 starting.
[22:27:46.474] [INFO   ] thread player 0 starting.
[22:27:46.476] [INFO   ] thread player 1 starting.
[22:27:46.589] [SEVERE ] placing card 51 in slot 8
[22:27:46.694] [SEVERE ] placing card 59 in slot 7
[22:27:46.806] [SEVERE ] placing card 66 in slot 1
[22:27:46.912] [SEVERE ] placing card 67 in slot 5
[22:27:47.014] [SEVERE ] placing card 21 in slot 6
[22:27:47.116] [SEVERE ] placing card 2 in slot 9
[22:27:47.216] [SEVERE ] placing card 42 in slot 2
[22:27:47.318] [SEVERE ] placing card 3 in slot 0
[22:27:47.424] [SEVERE ] placing card 55 in slot 10
[22:27:47.532] [SEVERE ] placing card 30 in slot 3
[22:27:47.637] [SEVERE ] placing card 46 in slot 4
[22:27:47.741] [SEVERE ] placing card 22 in slot 11
[22:27:47.742] [SEVERE ] updating countdown to 60000
[22:27:47.803] [SEVERE ] key 81 was pressed by player 1
[22:27:47.804] [SEVERE ] player 1 placing token on slot 0
[22:27:48.018] [SEVERE ] key 87 was pressed by player 1
[22:27:48.019] [SEVERE ] player 1 placing token on slot 1
[22:27:48.285] [SEVERE ] key 69 was pressed by player 1
[22:27:48.286] [SEVERE ] player 1 placing token on slot 2
[22:27:48.754] [SEVERE ] updating countdown to 58991
[22:27:49.763] [SEVERE ] updating countdown to 57982
[22:27:50.765] [SEVERE ] updating countdown to 56980
[22:27:51.766] [SEVERE ] updating countdown to 55979
[22:27:52.789] [SEVERE ] updating countdown to 54956
[22:27:53.791] [SEVERE ] updating countdown to 53954
[22:27:54.843] [SEVERE ] updating countdown to 52902
[22:27:55.852] [SEVERE ] updating countdown to 51893
