[20:02:40.295] [INFO   ] thread main starting.
[20:02:40.329] [SEVERE ] cannot read configuration file config.properties trying from resources.
[20:02:40.348] [SEVERE ] configuration file was loaded from resources directory.
[20:02:42.494] [INFO   ] thread dealer starting.
[20:02:42.495] [INFO   ] thread dealer starting.
[20:02:42.496] [INFO   ] thread player 0 starting.
[20:02:42.497] [INFO   ] thread player 1 starting.
[20:02:42.498] [INFO   ] thread player 0 starting.
[20:02:42.499] [INFO   ] thread player 1 starting.
[20:02:42.609] [SEVERE ] placing card 38 in slot 1
[20:02:42.711] [SEVERE ] placing card 7 in slot 0
[20:02:42.813] [SEVERE ] placing card 57 in slot 6
[20:02:42.915] [SEVERE ] placing card 19 in slot 10
[20:02:43.017] [SEVERE ] placing card 27 in slot 9
[20:02:43.119] [SEVERE ] placing card 50 in slot 5
[20:02:43.220] [SEVERE ] placing card 65 in slot 2
[20:02:43.321] [SEVERE ] placing card 77 in slot 7
[20:02:43.423] [SEVERE ] placing card 45 in slot 3
[20:02:43.525] [SEVERE ] placing card 1 in slot 4
[20:02:43.627] [SEVERE ] placing card 10 in slot 8
[20:02:43.730] [SEVERE ] placing card 22 in slot 11
[20:02:43.732] [SEVERE ] updating countdown to 60000
[20:02:44.424] [SEVERE ] key 81 was pressed by player 1
[20:02:44.425] [SEVERE ] player 1 placing token on slot 0
[20:02:44.661] [SEVERE ] key 87 was pressed by player 1
[20:02:44.662] [SEVERE ] player 1 placing token on slot 1
[20:02:44.745] [SEVERE ] updating countdown to 58999
[20:02:45.650] [SEVERE ] key 69 was pressed by player 1
[20:02:45.651] [SEVERE ] player 1 placing token on slot 2
[20:02:45.747] [SEVERE ] updating countdown to 57997
[20:02:46.750] [SEVERE ] updating countdown to 56994
[20:02:47.753] [SEVERE ] updating countdown to 55991
[20:02:48.275] [SEVERE ] key 69 was pressed by player 1
[20:02:48.522] [SEVERE ] key 87 was pressed by player 1
[20:02:48.755] [SEVERE ] updating countdown to 54989
[20:02:48.926] [SEVERE ] key 81 was pressed by player 1
[20:02:49.731] [SEVERE ] key 69 was pressed by player 1
[20:02:49.739] [SEVERE ] key 87 was pressed by player 1
[20:02:49.758] [SEVERE ] updating countdown to 53986
[20:02:49.910] [SEVERE ] key 81 was pressed by player 1
[20:02:50.359] [SEVERE ] key 81 was pressed by player 1
[20:02:50.407] [SEVERE ] key 87 was pressed by player 1
[20:02:50.455] [SEVERE ] key 69 was pressed by player 1
[20:02:50.697] [SEVERE ] key 81 was pressed by player 1
[20:02:50.706] [SEVERE ] key 87 was pressed by player 1
[20:02:50.760] [SEVERE ] updating countdown to 52984
[20:02:50.902] [SEVERE ] key 69 was pressed by player 1
[20:02:50.910] [SEVERE ] key 87 was pressed by player 1
[20:02:50.930] [SEVERE ] key 81 was pressed by player 1
[20:02:51.079] [SEVERE ] key 87 was pressed by player 1
[20:02:51.087] [SEVERE ] key 81 was pressed by player 1
[20:02:51.300] [SEVERE ] key 81 was pressed by player 1
[20:02:51.311] [SEVERE ] key 87 was pressed by player 1
[20:02:51.320] [SEVERE ] key 69 was pressed by player 1
[20:02:51.494] [SEVERE ] key 81 was pressed by player 1
[20:02:51.502] [SEVERE ] key 87 was pressed by player 1
[20:02:51.510] [SEVERE ] key 69 was pressed by player 1
[20:02:51.665] [SEVERE ] key 81 was pressed by player 1
[20:02:51.674] [SEVERE ] key 87 was pressed by player 1
[20:02:51.762] [SEVERE ] updating countdown to 51982
[20:02:51.832] [SEVERE ] key 81 was pressed by player 1
[20:02:51.850] [SEVERE ] key 87 was pressed by player 1
[20:02:51.860] [SEVERE ] key 69 was pressed by player 1
[20:02:52.042] [SEVERE ] key 69 was pressed by player 1
[20:02:52.052] [SEVERE ] key 87 was pressed by player 1
[20:02:52.061] [SEVERE ] key 81 was pressed by player 1
[20:02:52.228] [SEVERE ] key 81 was pressed by player 1
[20:02:52.239] [SEVERE ] key 69 was pressed by player 1
[20:02:52.249] [SEVERE ] key 87 was pressed by player 1
[20:02:52.393] [SEVERE ] key 81 was pressed by player 1
[20:02:52.402] [SEVERE ] key 87 was pressed by player 1
[20:02:52.604] [SEVERE ] key 69 was pressed by player 1
[20:02:52.612] [SEVERE ] key 87 was pressed by player 1
[20:02:52.685] [SEVERE ] key 81 was pressed by player 1
[20:02:52.764] [SEVERE ] updating countdown to 50980
[20:02:52.925] [SEVERE ] key 81 was pressed by player 1
[20:02:53.138] [SEVERE ] key 69 was pressed by player 1
[20:02:53.230] [SEVERE ] key 87 was pressed by player 1
[20:02:53.383] [SEVERE ] key 81 was pressed by player 1
[20:02:53.766] [SEVERE ] updating countdown to 49978
[20:02:54.375] [SEVERE ] key 81 was pressed by player 1
[20:02:54.402] [SEVERE ] key 87 was pressed by player 1
[20:02:54.410] [SEVERE ] key 69 was pressed by player 1
[20:02:54.768] [SEVERE ] updating countdown to 48976
[20:02:54.799] [SEVERE ] key 81 was pressed by player 1
[20:02:54.950] [SEVERE ] key 87 was pressed by player 1
[20:02:55.034] [SEVERE ] key 69 was pressed by player 1
[20:02:55.496] [SEVERE ] key 81 was pressed by player 1
[20:02:55.592] [SEVERE ] key 87 was pressed by player 1
[20:02:55.669] [SEVERE ] key 69 was pressed by player 1
[20:02:55.771] [SEVERE ] updating countdown to 47973
[20:02:55.976] [SEVERE ] key 81 was pressed by player 1
[20:02:56.141] [SEVERE ] key 87 was pressed by player 1
[20:02:56.155] [SEVERE ] key 69 was pressed by player 1
[20:02:56.773] [SEVERE ] updating countdown to 46971
[20:02:57.774] [SEVERE ] updating countdown to 45970
