[23:31:00.381] [INFO   ] thread main starting.
[23:31:00.398] [SEVERE ] cannot read configuration file config.properties trying from resources.
[23:31:00.406] [SEVERE ] configuration file was loaded from resources directory.
[23:31:01.462] [INFO   ] thread dealer starting.
[23:31:01.463] [INFO   ] thread dealer starting.
[23:31:01.464] [INFO   ] thread player 0 starting.
[23:31:01.466] [INFO   ] thread player 1 starting.
[23:31:01.466] [INFO   ] thread player 0 starting.
[23:31:01.466] [INFO   ] thread player 1 starting.
[23:31:01.572] [SEVERE ] placing card 15 in slot 3
[23:31:01.673] [SEVERE ] placing card 45 in slot 9
[23:31:01.775] [SEVERE ] placing card 49 in slot 7
[23:31:01.876] [SEVERE ] placing card 63 in slot 11
[23:31:01.977] [SEVERE ] placing card 38 in slot 10
[23:31:02.078] [SEVERE ] placing card 26 in slot 6
[23:31:02.179] [SEVERE ] placing card 8 in slot 4
[23:31:02.281] [SEVERE ] placing card 24 in slot 0
[23:31:02.382] [SEVERE ] placing card 53 in slot 2
[23:31:02.483] [SEVERE ] placing card 6 in slot 8
[23:31:02.585] [SEVERE ] placing card 34 in slot 5
[23:31:02.686] [SEVERE ] placing card 23 in slot 1
[23:31:02.687] [SEVERE ] updating countdown to 60000
[23:31:03.690] [SEVERE ] updating countdown to 59000
[23:31:04.691] [SEVERE ] updating countdown to 57999
[23:31:05.693] [SEVERE ] updating countdown to 56997
[23:31:06.695] [SEVERE ] updating countdown to 55995
