[17:29:23.701] [INFO   ] thread main starting.
[17:29:23.718] [SEVERE ] cannot read configuration file config.properties trying from resources.
[17:29:23.728] [SEVERE ] configuration file was loaded from resources directory.
[17:29:25.075] [INFO   ] thread dealer starting.
[17:29:25.076] [INFO   ] thread dealer starting.
[17:29:25.077] [INFO   ] thread player 0 starting.
[17:29:25.078] [INFO   ] thread player 1 starting.
[17:29:25.078] [INFO   ] thread player 0 starting.
[17:29:25.079] [INFO   ] thread player 1 starting.
[17:29:25.194] [SEVERE ] placing card 33 in slot 6
[17:29:25.295] [SEVERE ] placing card 9 in slot 5
[17:29:25.397] [SEVERE ] placing card 32 in slot 4
[17:29:25.498] [SEVERE ] placing card 54 in slot 2
[17:29:25.599] [SEVERE ] placing card 35 in slot 1
[17:29:25.700] [SEVERE ] placing card 23 in slot 11
[17:29:25.801] [SEVERE ] placing card 71 in slot 9
[17:29:25.903] [SEVERE ] placing card 34 in slot 0
[17:29:26.004] [SEVERE ] placing card 41 in slot 3
[17:29:26.105] [SEVERE ] placing card 47 in slot 10
[17:29:26.206] [SEVERE ] placing card 55 in slot 7
[17:29:26.308] [SEVERE ] placing card 24 in slot 8
[17:29:27.309] [SEVERE ] updating countdown to 9223372036854775807
[17:29:27.311] [SEVERE ] setting player 1 freeze to 0
[17:29:27.312] [SEVERE ] setting player 1 freeze to 1000
[17:29:28.313] [SEVERE ] setting player 1 freeze to 2000
[17:29:30.314] [SEVERE ] setting player 1 freeze to 0
[17:29:30.315] [SEVERE ] setting player 2 freeze to 0
[17:29:30.316] [SEVERE ] setting player 2 freeze to 1000
[17:29:31.317] [SEVERE ] setting player 2 freeze to 2000
