[21:07:04.806] [INFO   ] thread main starting.
[21:07:04.826] [SEVERE ] cannot read configuration file config.properties trying from resources.
[21:07:04.836] [SEVERE ] configuration file was loaded from resources directory.
[21:07:06.315] [INFO   ] thread dealer starting.
[21:07:06.316] [INFO   ] thread dealer starting.
[21:07:06.318] [INFO   ] thread player 0 starting.
[21:07:06.319] [INFO   ] thread player 1 starting.
[21:07:06.319] [INFO   ] thread player 0 starting.
[21:07:06.321] [INFO   ] thread player 1 starting.
[21:07:06.431] [SEVERE ] placing card 5 in slot 3
[21:07:06.535] [SEVERE ] placing card 56 in slot 5
[21:07:06.638] [SEVERE ] placing card 63 in slot 4
[21:07:06.742] [SEVERE ] placing card 34 in slot 7
[21:07:06.848] [SEVERE ] placing card 47 in slot 9
[21:07:06.954] [SEVERE ] placing card 3 in slot 8
[21:07:07.055] [SEVERE ] placing card 43 in slot 2
[21:07:07.157] [SEVERE ] placing card 7 in slot 0
[21:07:07.259] [SEVERE ] placing card 54 in slot 10
[21:07:07.361] [SEVERE ] placing card 8 in slot 6
[21:07:07.465] [SEVERE ] placing card 36 in slot 1
[21:07:07.572] [SEVERE ] placing card 44 in slot 11
[21:07:07.574] [SEVERE ] updating countdown to 60000
[21:07:08.272] [SEVERE ] key 81 was pressed by player 1
[21:07:08.273] [SEVERE ] player 1 placing token on slot 0
[21:07:08.452] [SEVERE ] key 87 was pressed by player 1
[21:07:08.454] [SEVERE ] player 1 placing token on slot 1
[21:07:08.579] [SEVERE ] updating countdown to 58997
[21:07:08.735] [SEVERE ] key 69 was pressed by player 1
[21:07:08.736] [SEVERE ] player 1 placing token on slot 2
[21:07:09.604] [SEVERE ] updating countdown to 57972
[21:07:10.608] [SEVERE ] updating countdown to 56969
[21:07:11.621] [SEVERE ] updating countdown to 55955
[21:07:12.624] [SEVERE ] updating countdown to 54952
[21:07:13.628] [SEVERE ] updating countdown to 53948
[21:07:14.632] [SEVERE ] updating countdown to 52944
[21:07:15.636] [SEVERE ] updating countdown to 51940
[21:07:16.639] [SEVERE ] updating countdown to 50937
[21:07:17.643] [SEVERE ] updating countdown to 49934
[21:07:18.646] [SEVERE ] updating countdown to 48930
[21:07:19.651] [SEVERE ] updating countdown to 47925
[21:07:20.655] [SEVERE ] updating countdown to 46921
[21:07:21.659] [SEVERE ] updating countdown to 45917
[21:07:22.663] [SEVERE ] updating countdown to 44913
[21:07:23.328] [SEVERE ] key 69 was pressed by player 1
[21:07:23.666] [SEVERE ] updating countdown to 43910
[21:07:23.707] [SEVERE ] key 81 was pressed by player 1
[21:07:23.716] [SEVERE ] key 87 was pressed by player 1
[21:07:24.044] [SEVERE ] key 81 was pressed by player 1
[21:07:24.052] [SEVERE ] key 87 was pressed by player 1
[21:07:24.299] [SEVERE ] key 69 was pressed by player 1
[21:07:24.671] [SEVERE ] updating countdown to 42905
[21:07:25.676] [SEVERE ] updating countdown to 41900
