[18:37:34.875] [INFO   ] thread main starting.
[18:37:34.905] [SEVERE ] cannot read configuration file config.properties trying from resources.
[18:37:34.923] [SEVERE ] configuration file was loaded from resources directory.
[18:37:37.029] [INFO   ] thread dealer starting.
[18:37:37.031] [INFO   ] thread dealer starting.
[18:37:37.031] [INFO   ] thread player 0 starting.
[18:37:37.033] [INFO   ] thread player 1 starting.
[18:37:37.033] [INFO   ] thread player 0 starting.
[18:37:37.034] [INFO   ] thread player 1 starting.
[18:37:37.144] [SEVERE ] placing card 80 in slot 1
[18:37:37.246] [SEVERE ] placing card 42 in slot 11
[18:37:37.353] [SEVERE ] placing card 71 in slot 10
[18:37:37.455] [SEVERE ] placing card 72 in slot 5
[18:37:37.557] [SEVERE ] placing card 9 in slot 3
[18:37:37.658] [SEVERE ] placing card 27 in slot 4
[18:37:37.759] [SEVERE ] placing card 58 in slot 9
[18:37:37.861] [SEVERE ] placing card 76 in slot 0
[18:37:37.962] [SEVERE ] placing card 29 in slot 6
[18:37:38.064] [SEVERE ] placing card 55 in slot 7
[18:37:38.165] [SEVERE ] placing card 70 in slot 8
[18:37:38.266] [SEVERE ] placing card 0 in slot 2
[18:37:38.268] [SEVERE ] updating countdown to 60000
[18:37:39.271] [SEVERE ] updating countdown to 59000
[18:37:39.479] [SEVERE ] key 81 was pressed by player 1
[18:37:39.480] [SEVERE ] player 1 placing token on slot 0
[18:37:39.541] [SEVERE ] key 87 was pressed by player 1
[18:37:39.543] [SEVERE ] player 1 placing token on slot 1
[18:37:39.646] [SEVERE ] key 69 was pressed by player 1
[18:37:39.647] [SEVERE ] player 1 placing token on slot 2
[18:37:40.272] [SEVERE ] updating countdown to 57998
[18:37:40.274] [SEVERE ] setting player 1 freeze to 3000
[18:37:40.276] [SEVERE ] setting player 1 freeze to 3000
[18:37:41.275] [SEVERE ] updating countdown to 56995
[18:37:41.279] [SEVERE ] setting player 1 freeze to 2000
[18:37:42.277] [SEVERE ] updating countdown to 55993
[18:37:42.280] [SEVERE ] setting player 1 freeze to 1000
[18:37:43.279] [SEVERE ] updating countdown to 54991
[18:37:43.282] [SEVERE ] setting player 1 freeze to 0
[18:37:44.281] [SEVERE ] updating countdown to 53989
[18:37:44.282] [SEVERE ] setting player 1 freeze to 3000
[18:37:44.283] [SEVERE ] setting player 1 freeze to 3000
[18:37:44.637] [SEVERE ] key 69 was pressed by player 1
[18:37:44.639] [SEVERE ] removing player 1 token from slot 2
[18:37:44.872] [SEVERE ] key 87 was pressed by player 1
[18:37:44.873] [SEVERE ] removing player 1 token from slot 1
[18:37:45.282] [SEVERE ] updating countdown to 52988
[18:37:45.283] [SEVERE ] setting player 1 freeze to 2000
[18:37:46.284] [SEVERE ] updating countdown to 51986
[18:37:46.284] [SEVERE ] setting player 1 freeze to 1000
[18:37:47.285] [SEVERE ] updating countdown to 50985
[18:37:47.285] [SEVERE ] setting player 1 freeze to 0
[18:37:48.288] [SEVERE ] updating countdown to 49983
[18:37:49.127] [SEVERE ] key 87 was pressed by player 1
[18:37:49.128] [SEVERE ] player 1 placing token on slot 1
[18:37:49.289] [SEVERE ] updating countdown to 48981
[18:37:50.290] [SEVERE ] updating countdown to 47980
[18:37:50.641] [SEVERE ] key 69 was pressed by player 1
[18:37:50.642] [SEVERE ] player 1 placing token on slot 2
[18:37:51.292] [SEVERE ] updating countdown to 46978
[18:37:51.293] [SEVERE ] setting player 1 freeze to 3000
[18:37:51.294] [SEVERE ] setting player 1 freeze to 3000
[18:37:52.294] [SEVERE ] updating countdown to 45977
[18:37:52.295] [SEVERE ] setting player 1 freeze to 2000
[18:37:53.295] [SEVERE ] updating countdown to 44975
[18:37:53.296] [SEVERE ] setting player 1 freeze to 1000
[18:37:54.297] [SEVERE ] updating countdown to 43973
[18:37:54.297] [SEVERE ] setting player 1 freeze to 0
[18:37:55.299] [SEVERE ] updating countdown to 42971
[18:37:55.300] [SEVERE ] setting player 1 freeze to 3000
[18:37:55.301] [SEVERE ] setting player 1 freeze to 3000
[18:37:56.300] [SEVERE ] updating countdown to 41970
[18:37:56.301] [SEVERE ] setting player 1 freeze to 2000
[18:37:57.302] [SEVERE ] updating countdown to 40968
[18:37:57.302] [SEVERE ] setting player 1 freeze to 1000
[18:37:58.303] [SEVERE ] updating countdown to 39967
[18:37:58.303] [SEVERE ] setting player 1 freeze to 0
[18:37:59.305] [SEVERE ] updating countdown to 38965
[18:37:59.307] [SEVERE ] setting player 1 freeze to 3000
[18:37:59.308] [SEVERE ] setting player 1 freeze to 3000
[18:38:00.307] [SEVERE ] updating countdown to 37963
[18:38:00.308] [SEVERE ] setting player 1 freeze to 2000
[18:38:01.309] [SEVERE ] updating countdown to 36961
[18:38:01.309] [SEVERE ] setting player 1 freeze to 1000
[18:38:02.311] [SEVERE ] updating countdown to 35959
[18:38:02.311] [SEVERE ] setting player 1 freeze to 0
[18:38:03.313] [SEVERE ] updating countdown to 34957
[18:38:03.314] [SEVERE ] setting player 1 freeze to 3000
[18:38:03.315] [SEVERE ] setting player 1 freeze to 3000
[18:38:04.314] [SEVERE ] updating countdown to 33956
[18:38:04.316] [SEVERE ] setting player 1 freeze to 2000
[18:38:05.316] [SEVERE ] updating countdown to 32954
[18:38:05.317] [SEVERE ] setting player 1 freeze to 1000
[18:38:06.318] [SEVERE ] updating countdown to 31952
[18:38:06.318] [SEVERE ] setting player 1 freeze to 0
[18:38:07.320] [SEVERE ] updating countdown to 30950
[18:38:07.322] [SEVERE ] setting player 1 freeze to 3000
[18:38:07.322] [SEVERE ] setting player 1 freeze to 3000
[18:38:08.322] [SEVERE ] updating countdown to 29948
[18:38:08.323] [SEVERE ] setting player 1 freeze to 2000
[18:38:08.405] [SEVERE ] key 69 was pressed by player 1
[18:38:08.406] [SEVERE ] removing player 1 token from slot 2
[18:38:09.324] [SEVERE ] updating countdown to 28946
[18:38:09.324] [SEVERE ] setting player 1 freeze to 1000
[18:38:10.326] [SEVERE ] updating countdown to 27944
[18:38:10.326] [SEVERE ] setting player 1 freeze to 0
[18:38:11.328] [SEVERE ] updating countdown to 26942
[18:38:12.329] [SEVERE ] updating countdown to 25941
[18:38:13.331] [SEVERE ] updating countdown to 24939
[18:38:14.332] [SEVERE ] updating countdown to 23938
[18:38:15.333] [SEVERE ] updating countdown to 22937
[18:38:16.335] [SEVERE ] updating countdown to 21935
[18:38:17.337] [SEVERE ] updating countdown to 20933
[18:38:18.339] [SEVERE ] updating countdown to 19931
[18:38:19.340] [SEVERE ] updating countdown to 18930
[18:38:20.342] [SEVERE ] updating countdown to 17928
[18:38:21.154] [SEVERE ] exit button pressed
[18:38:21.344] [SEVERE ] updating countdown to 16926
[18:38:22.345] [SEVERE ] updating countdown to 15925
