[20:54:25.860] [INFO   ] thread main starting.
[20:54:25.890] [SEVERE ] cannot read configuration file config.properties trying from resources.
[20:54:25.907] [SEVERE ] configuration file was loaded from resources directory.
[20:54:28.028] [INFO   ] thread dealer starting.
[20:54:28.031] [INFO   ] thread dealer starting.
[20:54:28.032] [INFO   ] thread player 0 starting.
[20:54:28.033] [INFO   ] thread player 1 starting.
[20:54:28.145] [SEVERE ] placing card 13 in slot 2
[20:54:28.247] [SEVERE ] placing card 36 in slot 8
[20:54:28.348] [SEVERE ] placing card 62 in slot 3
[20:54:28.449] [SEVERE ] placing card 4 in slot 6
[20:54:28.558] [SEVERE ] placing card 26 in slot 4
[20:54:28.660] [SEVERE ] placing card 72 in slot 9
[20:54:28.762] [SEVERE ] placing card 59 in slot 5
[20:54:28.863] [SEVERE ] placing card 42 in slot 10
[20:54:28.965] [SEVERE ] placing card 54 in slot 1
[20:54:29.067] [SEVERE ] placing card 32 in slot 11
[20:54:29.170] [SEVERE ] placing card 56 in slot 7
[20:54:29.272] [SEVERE ] placing card 45 in slot 0
[20:54:29.274] [SEVERE ] updating countdown to 60000
[20:54:30.277] [SEVERE ] updating countdown to 59000
[20:54:31.280] [SEVERE ] updating countdown to 57998
[20:54:32.282] [SEVERE ] updating countdown to 56995
[20:54:33.285] [SEVERE ] updating countdown to 55992
[20:54:34.287] [SEVERE ] updating countdown to 54990
[20:54:35.289] [SEVERE ] updating countdown to 53988
[20:54:36.291] [SEVERE ] updating countdown to 52986
[20:54:36.718] [INFO   ] thread player 1 starting.
[20:54:37.293] [SEVERE ] updating countdown to 51984
[20:54:38.295] [SEVERE ] updating countdown to 50982
[20:54:39.297] [SEVERE ] updating countdown to 49980
[20:54:40.300] [SEVERE ] updating countdown to 48978
[20:54:41.302] [SEVERE ] updating countdown to 47975
[20:54:42.304] [SEVERE ] updating countdown to 46973
[20:54:43.307] [SEVERE ] updating countdown to 45970
[20:54:44.309] [SEVERE ] updating countdown to 44968
[20:54:45.312] [SEVERE ] updating countdown to 43966
[20:54:46.314] [SEVERE ] updating countdown to 42964
[20:54:47.316] [SEVERE ] updating countdown to 41961
[20:54:48.318] [SEVERE ] updating countdown to 40959
[20:54:49.320] [SEVERE ] updating countdown to 39957
[20:54:50.323] [SEVERE ] updating countdown to 38954
[20:54:51.325] [SEVERE ] updating countdown to 37952
[20:54:52.328] [SEVERE ] updating countdown to 36949
[20:54:53.330] [SEVERE ] updating countdown to 35947
[20:54:54.333] [SEVERE ] updating countdown to 34944
[20:54:54.770] [INFO   ] thread player 0 starting.
[20:54:55.336] [SEVERE ] updating countdown to 33941
[20:54:56.337] [SEVERE ] updating countdown to 32940
[20:54:57.340] [SEVERE ] updating countdown to 31938
[20:54:58.342] [SEVERE ] updating countdown to 30935
[20:54:59.344] [SEVERE ] updating countdown to 29933
[20:55:00.347] [SEVERE ] updating countdown to 28930
[20:55:01.349] [SEVERE ] updating countdown to 27928
[20:55:01.963] [SEVERE ] key 81 was pressed by player 1
[20:55:02.351] [SEVERE ] updating countdown to 26926
[20:55:03.354] [SEVERE ] updating countdown to 25923
[20:55:03.864] [SEVERE ] key 81 was pressed by player 1
[20:55:04.357] [SEVERE ] updating countdown to 24921
[20:55:05.358] [SEVERE ] updating countdown to 23919
[20:55:06.360] [SEVERE ] updating countdown to 22917
[20:55:07.361] [SEVERE ] updating countdown to 21916
[20:55:08.363] [SEVERE ] updating countdown to 20914
[20:55:09.365] [SEVERE ] updating countdown to 19912
[20:55:10.367] [SEVERE ] updating countdown to 18910
[20:55:11.206] [SEVERE ] key 87 was pressed by player 1
[20:55:11.208] [SEVERE ] key 87 was pressed by player 1
[20:55:11.369] [SEVERE ] updating countdown to 17908
[20:55:12.371] [SEVERE ] updating countdown to 16906
[20:55:13.392] [SEVERE ] updating countdown to 15886
[20:55:14.393] [SEVERE ] updating countdown to 14884
[20:55:15.395] [SEVERE ] updating countdown to 13882
[20:55:16.397] [SEVERE ] updating countdown to 12880
[20:55:17.399] [SEVERE ] updating countdown to 11878
[20:55:17.949] [SEVERE ] player 1 placing token on slot 0
[20:55:17.950] [SEVERE ] key 69 was pressed by player 1
[20:55:18.401] [SEVERE ] updating countdown to 10876
[20:55:19.403] [SEVERE ] updating countdown to 9874
[20:55:20.406] [SEVERE ] updating countdown to 8872
[20:55:21.408] [SEVERE ] updating countdown to 7869
[20:55:22.409] [SEVERE ] updating countdown to 6868
[20:55:23.411] [SEVERE ] updating countdown to 5866
