[20:53:07.396] [INFO   ] thread main starting.
[20:53:07.427] [SEVERE ] cannot read configuration file config.properties trying from resources.
[20:53:07.444] [SEVERE ] configuration file was loaded from resources directory.
[20:53:09.460] [INFO   ] thread dealer starting.
[20:53:09.462] [INFO   ] thread dealer starting.
[20:53:09.463] [INFO   ] thread player 0 starting.
[20:53:09.465] [INFO   ] thread player 1 starting.
[20:53:09.465] [INFO   ] thread player 0 starting.
[20:53:09.467] [INFO   ] thread player 1 starting.
[20:53:09.576] [SEVERE ] placing card 8 in slot 11
[20:53:09.677] [SEVERE ] placing card 59 in slot 10
[20:53:09.781] [SEVERE ] placing card 21 in slot 1
[20:53:09.882] [SEVERE ] placing card 69 in slot 2
[20:53:09.984] [SEVERE ] placing card 13 in slot 3
[20:53:10.085] [SEVERE ] placing card 24 in slot 0
[20:53:10.186] [SEVERE ] placing card 67 in slot 8
[20:53:10.289] [SEVERE ] placing card 40 in slot 9
[20:53:10.391] [SEVERE ] placing card 5 in slot 5
[20:53:10.493] [SEVERE ] placing card 74 in slot 7
[20:53:10.594] [SEVERE ] placing card 10 in slot 4
[20:53:10.697] [SEVERE ] placing card 15 in slot 6
[20:53:10.698] [SEVERE ] updating countdown to 60000
[20:53:11.548] [SEVERE ] key 81 was pressed by player 1
[20:53:11.550] [SEVERE ] player 1 placing token on slot 0
[20:53:11.701] [SEVERE ] updating countdown to 59000
[20:53:11.997] [SEVERE ] key 87 was pressed by player 1
[20:53:11.999] [SEVERE ] player 1 placing token on slot 1
[20:53:12.342] [SEVERE ] key 69 was pressed by player 1
[20:53:12.343] [SEVERE ] player 1 placing token on slot 2
[20:53:12.703] [SEVERE ] updating countdown to 57998
[20:53:13.706] [SEVERE ] updating countdown to 56995
[20:53:14.708] [SEVERE ] updating countdown to 55993
[20:53:15.710] [SEVERE ] updating countdown to 54991
[20:53:16.713] [SEVERE ] updating countdown to 53989
