[22:54:49.627] [INFO   ] thread main starting.
[22:54:49.648] [SEVERE ] cannot read configuration file config.properties trying from resources.
[22:54:49.660] [SEVERE ] configuration file was loaded from resources directory.
[22:54:51.067] [INFO   ] thread dealer starting.
[22:54:51.068] [INFO   ] thread dealer starting.
[22:54:51.069] [INFO   ] thread player 0 starting.
[22:54:51.069] [INFO   ] thread player 1 starting.
[22:54:51.069] [INFO   ] thread player 0 starting.
[22:54:51.070] [INFO   ] thread player 1 starting.
[22:54:51.177] [SEVERE ] placing card 67 in slot 4
[22:54:51.278] [SEVERE ] placing card 77 in slot 3
[22:54:51.380] [SEVERE ] placing card 64 in slot 9
[22:54:51.481] [SEVERE ] placing card 5 in slot 1
[22:54:51.583] [SEVERE ] placing card 26 in slot 7
[22:54:51.686] [SEVERE ] placing card 36 in slot 8
[22:54:51.788] [SEVERE ] placing card 34 in slot 11
[22:54:51.890] [SEVERE ] placing card 31 in slot 10
[22:54:51.992] [SEVERE ] placing card 51 in slot 0
[22:54:52.094] [SEVERE ] placing card 27 in slot 5
[22:54:52.197] [SEVERE ] placing card 65 in slot 2
[22:54:52.299] [SEVERE ] placing card 75 in slot 6
[22:54:52.302] [SEVERE ] updating countdown to 60000
[22:54:53.305] [SEVERE ] updating countdown to 58999
[22:54:53.371] [SEVERE ] key 81 was pressed by player 1
[22:54:53.372] [SEVERE ] player 1 placing token on slot 0
[22:54:53.434] [SEVERE ] key 87 was pressed by player 1
[22:54:53.436] [SEVERE ] player 1 placing token on slot 1
[22:54:53.572] [SEVERE ] key 69 was pressed by player 1
[22:54:53.573] [SEVERE ] player 1 placing token on slot 2
[22:54:53.574] [SEVERE ] updating countdown to 58730
[22:54:54.575] [SEVERE ] updating countdown to 57729
[22:54:55.577] [SEVERE ] updating countdown to 56727
[22:54:56.579] [SEVERE ] updating countdown to 55725
[22:54:57.581] [SEVERE ] updating countdown to 54723
[22:54:58.583] [SEVERE ] updating countdown to 53721
[22:54:59.585] [SEVERE ] updating countdown to 52719
