[23:53:23.118] [INFO   ] thread main starting.
[23:53:23.141] [SEVERE ] cannot read configuration file config.properties trying from resources.
[23:53:23.153] [SEVERE ] configuration file was loaded from resources directory.
[23:53:24.279] [INFO   ] thread dealer starting.
[23:53:24.280] [INFO   ] thread dealer starting.
[23:53:24.281] [INFO   ] thread player 0 starting.
[23:53:24.281] [INFO   ] thread player 1 starting.
[23:53:24.281] [INFO   ] thread player 0 starting.
[23:53:24.282] [INFO   ] thread player 1 starting.
[23:53:24.387] [SEVERE ] placing card 16 in slot 10
[23:53:24.488] [SEVERE ] placing card 24 in slot 8
[23:53:24.595] [SEVERE ] placing card 37 in slot 3
[23:53:24.697] [SEVERE ] placing card 36 in slot 5
[23:53:24.798] [SEVERE ] placing card 51 in slot 4
[23:53:24.899] [SEVERE ] placing card 68 in slot 2
[23:53:25.000] [SEVERE ] placing card 38 in slot 6
[23:53:25.101] [SEVERE ] placing card 10 in slot 7
[23:53:25.202] [SEVERE ] placing card 39 in slot 0
[23:53:25.303] [SEVERE ] placing card 66 in slot 1
[23:53:25.404] [SEVERE ] placing card 31 in slot 11
[23:53:25.505] [SEVERE ] placing card 80 in slot 9
[23:53:25.506] [SEVERE ] updating countdown to 60000
[23:53:26.063] [SEVERE ] exit button pressed
[23:53:26.508] [SEVERE ] updating countdown to 59000
[23:53:27.510] [SEVERE ] updating countdown to 57998
[23:53:28.511] [SEVERE ] updating countdown to 56997
[23:53:29.513] [SEVERE ] updating countdown to 55995
