[20:48:04.345] [INFO   ] thread main starting.
[20:48:04.375] [SEVERE ] cannot read configuration file config.properties trying from resources.
[20:48:04.392] [SEVERE ] configuration file was loaded from resources directory.
[20:48:06.427] [INFO   ] thread dealer starting.
[20:48:06.430] [INFO   ] thread dealer starting.
[20:48:06.431] [INFO   ] thread player 0 starting.
[20:48:06.432] [INFO   ] thread player 1 starting.
[20:48:06.432] [INFO   ] thread player 0 starting.
[20:48:06.433] [INFO   ] thread player 1 starting.
[20:48:06.542] [SEVERE ] placing card 53 in slot 2
[20:48:06.644] [SEVERE ] placing card 69 in slot 5
[20:48:06.752] [SEVERE ] placing card 63 in slot 8
[20:48:06.854] [SEVERE ] placing card 61 in slot 4
[20:48:06.955] [SEVERE ] placing card 22 in slot 6
[20:48:07.057] [SEVERE ] placing card 68 in slot 7
[20:48:07.158] [SEVERE ] placing card 12 in slot 11
[20:48:07.260] [SEVERE ] placing card 58 in slot 3
[20:48:07.362] [SEVERE ] placing card 75 in slot 0
[20:48:07.464] [SEVERE ] placing card 41 in slot 1
[20:48:07.567] [SEVERE ] placing card 70 in slot 9
[20:48:07.669] [SEVERE ] placing card 48 in slot 10
[20:48:07.671] [SEVERE ] updating countdown to 60000
[20:48:08.539] [SEVERE ] key 81 was pressed by player 1
[20:48:08.540] [SEVERE ] player 1 placing token on slot 0
[20:48:08.674] [SEVERE ] updating countdown to 58999
[20:48:08.714] [SEVERE ] key 87 was pressed by player 1
[20:48:08.715] [SEVERE ] player 1 placing token on slot 1
[20:48:08.934] [SEVERE ] key 69 was pressed by player 1
[20:48:08.935] [SEVERE ] player 1 placing token on slot 2
[20:48:09.677] [SEVERE ] updating countdown to 57997
[20:48:09.724] [SEVERE ] key 69 was pressed by player 1
[20:48:09.765] [SEVERE ] key 87 was pressed by player 1
[20:48:10.031] [SEVERE ] key 81 was pressed by player 1
[20:48:10.652] [SEVERE ] key 81 was pressed by player 1
[20:48:10.679] [SEVERE ] updating countdown to 56994
[20:48:10.684] [SEVERE ] key 87 was pressed by player 1
[20:48:10.702] [SEVERE ] key 69 was pressed by player 1
[20:48:11.681] [SEVERE ] updating countdown to 55992
