[23:02:19.823] [INFO   ] thread main starting.
[23:02:19.842] [SEVERE ] cannot read configuration file config.properties trying from resources.
[23:02:19.851] [SEVERE ] configuration file was loaded from resources directory.
[23:02:21.172] [INFO   ] thread dealer starting.
[23:02:21.173] [INFO   ] thread dealer starting.
[23:02:21.174] [INFO   ] thread player 0 starting.
[23:02:21.175] [INFO   ] thread player 1 starting.
[23:02:21.175] [INFO   ] thread player 0 starting.
[23:02:21.176] [INFO   ] thread player 1 starting.
[23:02:21.285] [SEVERE ] placing card 73 in slot 6
[23:02:21.387] [SEVERE ] placing card 27 in slot 1
[23:02:21.491] [SEVERE ] placing card 65 in slot 4
[23:02:21.593] [SEVERE ] placing card 15 in slot 10
[23:02:21.694] [SEVERE ] placing card 1 in slot 7
[23:02:21.796] [SEVERE ] placing card 46 in slot 5
[23:02:21.898] [SEVERE ] placing card 66 in slot 2
[23:02:22.000] [SEVERE ] placing card 33 in slot 9
[23:02:22.102] [SEVERE ] placing card 79 in slot 8
[23:02:22.205] [SEVERE ] placing card 6 in slot 3
[23:02:22.307] [SEVERE ] placing card 37 in slot 11
[23:02:22.409] [SEVERE ] placing card 7 in slot 0
[23:02:22.411] [SEVERE ] updating countdown to 60000
[23:02:23.413] [SEVERE ] updating countdown to 59000
[23:02:24.416] [SEVERE ] updating countdown to 57998
[23:02:25.418] [SEVERE ] updating countdown to 56995
[23:02:26.420] [SEVERE ] updating countdown to 55993
[23:02:27.422] [SEVERE ] updating countdown to 54991
[23:02:28.424] [SEVERE ] updating countdown to 53989
[23:02:29.427] [SEVERE ] updating countdown to 52986
[23:02:30.430] [SEVERE ] updating countdown to 51983
[23:02:31.432] [SEVERE ] updating countdown to 50981
[23:02:32.435] [SEVERE ] updating countdown to 49978
[23:02:33.437] [SEVERE ] updating countdown to 48976
[23:02:34.439] [SEVERE ] updating countdown to 47974
[23:02:35.441] [SEVERE ] updating countdown to 46972
[23:02:36.443] [SEVERE ] updating countdown to 45970
[23:02:37.445] [SEVERE ] updating countdown to 44968
[23:02:38.447] [SEVERE ] updating countdown to 43966
[23:02:39.449] [SEVERE ] updating countdown to 42964
[23:02:40.451] [SEVERE ] updating countdown to 41962
