[21:54:23.597] [INFO   ] thread main starting.
[21:54:23.616] [SEVERE ] cannot read configuration file config.properties trying from resources.
[21:54:23.625] [SEVERE ] configuration file was loaded from resources directory.
[21:54:25.066] [INFO   ] thread dealer starting.
[21:54:25.067] [INFO   ] thread dealer starting.
[21:54:25.068] [INFO   ] thread player 0 starting.
[21:54:25.069] [INFO   ] thread player 1 starting.
[21:54:25.069] [INFO   ] thread player 0 starting.
[21:54:25.069] [INFO   ] thread player 1 starting.
[21:54:25.177] [SEVERE ] placing card 53 in slot 8
[21:54:25.282] [SEVERE ] placing card 56 in slot 11
[21:54:25.385] [SEVERE ] placing card 7 in slot 10
[21:54:25.487] [SEVERE ] placing card 9 in slot 7
[21:54:25.590] [SEVERE ] placing card 16 in slot 2
[21:54:25.696] [SEVERE ] placing card 33 in slot 1
[21:54:25.802] [SEVERE ] placing card 77 in slot 4
[21:54:25.906] [SEVERE ] placing card 63 in slot 0
[21:54:26.012] [SEVERE ] placing card 23 in slot 3
[21:54:26.118] [SEVERE ] placing card 42 in slot 5
[21:54:26.224] [SEVERE ] placing card 40 in slot 9
[21:54:26.330] [SEVERE ] placing card 3 in slot 6
[21:54:26.331] [SEVERE ] updating countdown to 60000
[21:54:26.893] [SEVERE ] key 81 was pressed by player 1
[21:54:26.894] [SEVERE ] player 1 placing token on slot 0
[21:54:27.190] [SEVERE ] key 87 was pressed by player 1
[21:54:27.191] [SEVERE ] player 1 placing token on slot 1
[21:54:27.335] [SEVERE ] updating countdown to 58999
[21:54:27.417] [SEVERE ] key 69 was pressed by player 1
[21:54:27.418] [SEVERE ] player 1 placing token on slot 2
[21:54:28.402] [SEVERE ] updating countdown to 57931
[21:54:29.414] [SEVERE ] updating countdown to 56920
[21:54:30.422] [SEVERE ] updating countdown to 55911
[21:54:31.426] [SEVERE ] updating countdown to 54907
[21:54:32.324] [SEVERE ] exit button pressed
[21:54:32.434] [SEVERE ] updating countdown to 53899
[21:54:33.437] [SEVERE ] updating countdown to 52896
[21:54:34.440] [SEVERE ] updating countdown to 51893
[21:54:35.444] [SEVERE ] updating countdown to 50889
[21:54:36.448] [SEVERE ] updating countdown to 49885
[21:54:37.452] [SEVERE ] updating countdown to 48882
[21:54:38.454] [SEVERE ] updating countdown to 47879
[21:54:39.459] [SEVERE ] updating countdown to 46874
[21:54:40.464] [SEVERE ] updating countdown to 45869
[21:54:41.469] [SEVERE ] updating countdown to 44864
[21:54:42.473] [SEVERE ] updating countdown to 43860
[21:54:43.477] [SEVERE ] updating countdown to 42856
[21:54:44.481] [SEVERE ] updating countdown to 41852
[21:54:45.484] [SEVERE ] updating countdown to 40849
[21:54:46.485] [SEVERE ] updating countdown to 39848
[21:54:47.489] [SEVERE ] updating countdown to 38844
[21:54:48.493] [SEVERE ] updating countdown to 37840
[21:54:49.496] [SEVERE ] updating countdown to 36837
[21:54:50.500] [SEVERE ] updating countdown to 35833
[21:54:51.503] [SEVERE ] updating countdown to 34830
[21:54:52.504] [SEVERE ] updating countdown to 33829
[21:54:53.508] [SEVERE ] updating countdown to 32825
[21:54:54.512] [SEVERE ] updating countdown to 31821
[21:54:55.520] [SEVERE ] updating countdown to 30813
[21:54:56.528] [SEVERE ] updating countdown to 29805
[21:54:57.533] [SEVERE ] updating countdown to 28800
[21:54:58.536] [SEVERE ] updating countdown to 27797
[21:54:59.539] [SEVERE ] updating countdown to 26794
[21:55:00.542] [SEVERE ] updating countdown to 25791
[21:55:01.560] [SEVERE ] updating countdown to 24773
[21:55:02.567] [SEVERE ] updating countdown to 23767
[21:55:03.571] [SEVERE ] updating countdown to 22762
[21:55:04.577] [SEVERE ] updating countdown to 21756
[21:55:05.582] [SEVERE ] updating countdown to 20751
[21:55:06.588] [SEVERE ] updating countdown to 19745
[21:55:07.591] [SEVERE ] updating countdown to 18742
[21:55:08.594] [SEVERE ] updating countdown to 17740
[21:55:09.602] [SEVERE ] updating countdown to 16731
[21:55:10.609] [SEVERE ] updating countdown to 15725
[21:55:11.612] [SEVERE ] updating countdown to 14721
[21:55:12.626] [SEVERE ] updating countdown to 13707
[21:55:13.629] [SEVERE ] updating countdown to 12705
[21:55:14.634] [SEVERE ] updating countdown to 11699
[21:55:15.639] [SEVERE ] updating countdown to 10694
[21:55:16.647] [SEVERE ] updating countdown to 9687
[21:55:17.658] [SEVERE ] updating countdown to 8675
[21:55:18.660] [SEVERE ] updating countdown to 7674
[21:55:19.663] [SEVERE ] updating countdown to 6671
[21:55:20.665] [SEVERE ] updating countdown to 5668
