[20:07:23.876] [INFO   ] thread main starting.
[20:07:23.906] [SEVERE ] cannot read configuration file config.properties trying from resources.
[20:07:23.924] [SEVERE ] configuration file was loaded from resources directory.
[20:07:26.093] [INFO   ] thread dealer starting.
[20:07:26.094] [INFO   ] thread dealer starting.
[20:07:26.095] [INFO   ] thread player 0 starting.
[20:07:26.096] [INFO   ] thread player 1 starting.
[20:07:26.096] [INFO   ] thread player 0 starting.
[20:07:26.097] [INFO   ] thread player 1 starting.
[20:07:26.208] [SEVERE ] placing card 9 in slot 2
[20:07:26.314] [SEVERE ] placing card 58 in slot 8
[20:07:26.428] [SEVERE ] placing card 80 in slot 10
[20:07:26.535] [SEVERE ] placing card 23 in slot 0
[20:07:26.641] [SEVERE ] placing card 60 in slot 6
[20:07:26.743] [SEVERE ] placing card 8 in slot 11
[20:07:26.848] [SEVERE ] placing card 12 in slot 9
[20:07:26.953] [SEVERE ] placing card 16 in slot 7
[20:07:27.057] [SEVERE ] placing card 13 in slot 3
[20:07:27.159] [SEVERE ] placing card 5 in slot 5
[20:07:27.263] [SEVERE ] placing card 28 in slot 4
[20:07:27.370] [SEVERE ] placing card 55 in slot 1
[20:07:27.372] [SEVERE ] updating countdown to 60000
[20:07:27.876] [SEVERE ] exit button pressed
[20:07:28.375] [SEVERE ] updating countdown to 59000
[20:07:29.379] [SEVERE ] updating countdown to 57997
[20:07:30.381] [SEVERE ] updating countdown to 56994
[20:07:31.383] [SEVERE ] updating countdown to 55992
