[22:33:13.775] [INFO   ] thread main starting.
[22:33:13.793] [SEVERE ] cannot read configuration file config.properties trying from resources.
[22:33:13.804] [SEVERE ] configuration file was loaded from resources directory.
[22:33:15.196] [INFO   ] thread dealer starting.
[22:33:15.197] [INFO   ] thread dealer starting.
[22:33:15.198] [INFO   ] thread player 0 starting.
[22:33:15.199] [INFO   ] thread player 1 starting.
[22:33:15.199] [INFO   ] thread player 0 starting.
[22:33:15.200] [INFO   ] thread player 1 starting.
[22:33:15.307] [SEVERE ] placing card 1 in slot 1
[22:33:15.408] [SEVERE ] placing card 10 in slot 6
[22:33:15.515] [SEVERE ] placing card 2 in slot 9
[22:33:15.620] [SEVERE ] placing card 63 in slot 10
[22:33:15.723] [SEVERE ] placing card 28 in slot 4
[22:33:15.829] [SEVERE ] placing card 20 in slot 8
[22:33:15.932] [SEVERE ] placing card 27 in slot 7
[22:33:16.035] [SEVERE ] placing card 71 in slot 0
[22:33:16.141] [SEVERE ] placing card 11 in slot 2
[22:33:16.247] [SEVERE ] placing card 50 in slot 3
[22:33:16.355] [SEVERE ] placing card 17 in slot 11
[22:33:16.460] [SEVERE ] placing card 58 in slot 5
[22:33:16.462] [SEVERE ] updating countdown to 60000
[22:33:17.504] [SEVERE ] updating countdown to 58960
[22:33:18.508] [SEVERE ] updating countdown to 57956
[22:33:18.782] [SEVERE ] key 81 was pressed by player 1
[22:33:18.783] [SEVERE ] player 1 placing token on slot 0
[22:33:18.945] [SEVERE ] key 87 was pressed by player 1
[22:33:18.947] [SEVERE ] player 1 placing token on slot 1
[22:33:19.161] [SEVERE ] key 69 was pressed by player 1
[22:33:19.162] [SEVERE ] player 1 placing token on slot 2
[22:33:19.523] [SEVERE ] updating countdown to 56942
[22:33:20.517] [SEVERE ] key 81 was pressed by player 1
[22:33:20.525] [SEVERE ] updating countdown to 55939
[22:33:20.539] [SEVERE ] key 87 was pressed by player 1
[22:33:20.712] [SEVERE ] key 69 was pressed by player 1
[22:33:21.532] [SEVERE ] updating countdown to 54932
[22:33:22.539] [SEVERE ] updating countdown to 53925
[22:33:23.544] [SEVERE ] updating countdown to 52920
[22:33:24.547] [SEVERE ] updating countdown to 51917
[22:33:25.577] [SEVERE ] updating countdown to 50887
[22:33:26.591] [SEVERE ] updating countdown to 49873
[22:33:27.598] [SEVERE ] updating countdown to 48866
[22:33:28.601] [SEVERE ] updating countdown to 47863
[22:33:29.603] [SEVERE ] updating countdown to 46861
[22:33:30.606] [SEVERE ] updating countdown to 45858
[22:33:31.615] [SEVERE ] updating countdown to 44849
[22:33:32.622] [SEVERE ] updating countdown to 43842
[22:33:33.624] [SEVERE ] updating countdown to 42840
[22:33:34.627] [SEVERE ] updating countdown to 41837
