[20:53:45.407] [INFO   ] thread main starting.
[20:53:45.435] [SEVERE ] cannot read configuration file config.properties trying from resources.
[20:53:45.450] [SEVERE ] configuration file was loaded from resources directory.
[20:53:47.459] [INFO   ] thread dealer starting.
[20:53:47.461] [INFO   ] thread dealer starting.
[20:53:47.462] [INFO   ] thread player 0 starting.
[20:53:47.463] [INFO   ] thread player 1 starting.
[20:53:47.463] [INFO   ] thread player 0 starting.
[20:53:47.464] [INFO   ] thread player 1 starting.
[20:53:47.573] [SEVERE ] placing card 55 in slot 5
[20:53:47.675] [SEVERE ] placing card 44 in slot 1
[20:53:47.777] [SEVERE ] placing card 52 in slot 7
[20:53:47.879] [SEVERE ] placing card 35 in slot 10
[20:53:47.980] [SEVERE ] placing card 71 in slot 11
[20:53:48.082] [SEVERE ] placing card 75 in slot 8
[20:53:48.185] [SEVERE ] placing card 14 in slot 2
[20:53:48.287] [SEVERE ] placing card 77 in slot 0
[20:53:48.389] [SEVERE ] placing card 6 in slot 4
[20:53:48.490] [SEVERE ] placing card 80 in slot 6
[20:53:48.592] [SEVERE ] placing card 15 in slot 3
[20:53:48.694] [SEVERE ] placing card 60 in slot 9
[20:53:48.695] [SEVERE ] updating countdown to 60000
[20:53:49.699] [SEVERE ] updating countdown to 58999
[20:53:50.059] [SEVERE ] key 81 was pressed by player 1
[20:53:50.060] [SEVERE ] player 1 placing token on slot 0
[20:53:50.416] [SEVERE ] key 87 was pressed by player 1
[20:53:50.417] [SEVERE ] player 1 placing token on slot 1
[20:53:50.701] [SEVERE ] updating countdown to 57997
[20:53:50.794] [SEVERE ] key 69 was pressed by player 1
[20:53:50.795] [SEVERE ] player 1 placing token on slot 2
[20:53:51.703] [SEVERE ] updating countdown to 56995
[20:53:51.773] [SEVERE ] key 81 was pressed by player 1
[20:53:51.831] [SEVERE ] key 69 was pressed by player 1
[20:53:51.856] [SEVERE ] key 87 was pressed by player 1
[20:53:52.218] [SEVERE ] key 81 was pressed by player 1
[20:53:52.333] [SEVERE ] key 87 was pressed by player 1
[20:53:52.356] [SEVERE ] key 69 was pressed by player 1
[20:53:52.705] [SEVERE ] updating countdown to 55993
[20:53:52.822] [SEVERE ] key 81 was pressed by player 1
[20:53:52.933] [SEVERE ] key 87 was pressed by player 1
[20:53:52.941] [SEVERE ] key 69 was pressed by player 1
[20:53:53.708] [SEVERE ] updating countdown to 54990
