[22:23:48.593] [INFO   ] thread main starting.
[22:23:48.610] [SEVERE ] cannot read configuration file config.properties trying from resources.
[22:23:48.619] [SEVERE ] configuration file was loaded from resources directory.
[22:23:49.830] [INFO   ] thread dealer starting.
[22:23:53.553] [INFO   ] thread dealer starting.
[22:23:55.745] [INFO   ] thread player 0 starting.
[22:23:55.746] [INFO   ] thread player 1 starting.
[22:23:55.746] [INFO   ] thread player 0 starting.
[22:23:55.747] [INFO   ] thread player 1 starting.
[22:23:55.861] [SEVERE ] placing card 14 in slot 9
[22:23:55.963] [SEVERE ] placing card 78 in slot 8
[22:23:56.070] [SEVERE ] placing card 0 in slot 11
[22:23:56.176] [SEVERE ] placing card 62 in slot 0
[22:23:56.280] [SEVERE ] placing card 45 in slot 5
[22:23:56.386] [SEVERE ] placing card 27 in slot 4
[22:23:56.489] [SEVERE ] placing card 39 in slot 3
[22:23:56.593] [SEVERE ] placing card 17 in slot 2
[22:23:56.696] [SEVERE ] placing card 54 in slot 10
[22:23:56.799] [SEVERE ] placing card 11 in slot 6
[22:23:56.903] [SEVERE ] placing card 43 in slot 1
[22:23:57.008] [SEVERE ] placing card 70 in slot 7
[22:23:57.010] [SEVERE ] updating countdown to 60000
[22:24:01.703] [SEVERE ] updating countdown to 55313
[22:24:02.709] [SEVERE ] updating countdown to 54307
[22:24:03.729] [SEVERE ] updating countdown to 53286
[22:24:04.734] [SEVERE ] updating countdown to 52281
[22:24:04.910] [SEVERE ] key 81 was pressed by player 1
[22:24:04.911] [SEVERE ] player 1 placing token on slot 0
[22:24:05.295] [SEVERE ] key 87 was pressed by player 1
[22:24:05.295] [SEVERE ] player 1 placing token on slot 1
[22:24:05.756] [SEVERE ] updating countdown to 51259
[22:24:05.776] [SEVERE ] key 69 was pressed by player 1
[22:24:05.777] [SEVERE ] player 1 placing token on slot 2
[22:24:06.830] [SEVERE ] updating countdown to 50185
[22:24:07.842] [SEVERE ] updating countdown to 49173
[22:24:08.851] [SEVERE ] updating countdown to 48164
[22:24:09.859] [SEVERE ] updating countdown to 47156
[22:24:10.467] [SEVERE ] key 69 was pressed by player 1
[22:24:10.723] [SEVERE ] key 87 was pressed by player 1
[22:24:10.747] [SEVERE ] key 81 was pressed by player 1
[22:24:10.869] [SEVERE ] updating countdown to 46146
[22:24:10.973] [SEVERE ] key 69 was pressed by player 1
[22:24:11.877] [SEVERE ] updating countdown to 45138
[22:24:12.884] [SEVERE ] updating countdown to 44131
