[23:33:32.819] [INFO   ] thread main starting.
[23:33:32.835] [SEVERE ] cannot read configuration file config.properties trying from resources.
[23:33:32.843] [SEVERE ] configuration file was loaded from resources directory.
[23:33:33.947] [INFO   ] thread dealer starting.
[23:33:33.948] [INFO   ] thread dealer starting.
[23:33:33.949] [INFO   ] thread player 0 starting.
[23:33:33.951] [INFO   ] thread player 1 starting.
[23:33:33.951] [INFO   ] thread player 0 starting.
[23:33:33.952] [INFO   ] thread player 1 starting.
[23:33:34.058] [SEVERE ] placing card 8 in slot 6
[23:33:34.160] [SEVERE ] placing card 63 in slot 1
[23:33:34.261] [SEVERE ] placing card 53 in slot 5
[23:33:34.363] [SEVERE ] placing card 28 in slot 0
[23:33:34.464] [SEVERE ] placing card 59 in slot 11
[23:33:34.565] [SEVERE ] placing card 58 in slot 10
[23:33:34.666] [SEVERE ] placing card 35 in slot 3
[23:33:34.767] [SEVERE ] placing card 65 in slot 8
[23:33:34.868] [SEVERE ] placing card 71 in slot 2
[23:33:34.969] [SEVERE ] placing card 67 in slot 4
[23:33:35.070] [SEVERE ] placing card 57 in slot 7
[23:33:35.171] [SEVERE ] placing card 54 in slot 9
[23:33:35.173] [SEVERE ] updating countdown to 60000
[23:33:36.174] [SEVERE ] updating countdown to 59000
[23:33:37.176] [SEVERE ] updating countdown to 57999
[23:33:38.177] [SEVERE ] updating countdown to 56997
[23:33:39.179] [SEVERE ] updating countdown to 55996
[23:33:40.180] [SEVERE ] updating countdown to 54994
[23:33:41.182] [SEVERE ] updating countdown to 53992
[23:33:42.002] [SEVERE ] key 67 was pressed by player 1
[23:33:42.003] [SEVERE ] player 1 placing token on slot 10
[23:33:42.184] [SEVERE ] updating countdown to 52990
[23:33:42.193] [SEVERE ] key 86 was pressed by player 1
[23:33:42.194] [SEVERE ] player 1 placing token on slot 11
[23:33:43.185] [SEVERE ] updating countdown to 51989
[23:33:43.385] [SEVERE ] key 70 was pressed by player 1
[23:33:43.386] [SEVERE ] player 1 placing token on slot 7
[23:33:43.387] [SEVERE ] updating countdown to 51787
[23:33:43.388] [SEVERE ] setting player 1 score to 1
[23:33:43.388] [SEVERE ] setting player 1 freeze to 1000
[23:33:43.389] [SEVERE ] setting player 1 freeze to 1000
[23:33:43.489] [SEVERE ] removing player 1 token from slot 7
[23:33:43.490] [SEVERE ] removing card from slot 7
[23:33:43.592] [SEVERE ] removing player 1 token from slot 10
[23:33:43.593] [SEVERE ] removing card from slot 10
[23:33:43.694] [SEVERE ] removing player 1 token from slot 11
[23:33:43.696] [SEVERE ] removing card from slot 11
[23:33:43.797] [SEVERE ] placing card 10 in slot 10
[23:33:43.899] [SEVERE ] placing card 29 in slot 11
[23:33:44.000] [SEVERE ] placing card 26 in slot 7
[23:33:44.389] [SEVERE ] setting player 1 freeze to 0
[23:33:45.002] [SEVERE ] updating countdown to 50172
[23:33:46.004] [SEVERE ] updating countdown to 49170
[23:33:46.750] [SEVERE ] key 67 was pressed by player 1
[23:33:46.750] [SEVERE ] player 1 placing token on slot 10
[23:33:47.006] [SEVERE ] updating countdown to 48168
[23:33:47.136] [SEVERE ] key 86 was pressed by player 1
[23:33:47.136] [SEVERE ] player 1 placing token on slot 11
[23:33:47.553] [SEVERE ] key 67 was pressed by player 1
[23:33:47.554] [SEVERE ] removing player 1 token from slot 10
[23:33:47.753] [SEVERE ] key 86 was pressed by player 1
[23:33:47.753] [SEVERE ] removing player 1 token from slot 11
[23:33:48.007] [SEVERE ] updating countdown to 47167
[23:33:49.008] [SEVERE ] updating countdown to 46166
[23:33:50.010] [SEVERE ] updating countdown to 45165
[23:33:51.013] [SEVERE ] updating countdown to 44161
[23:33:52.015] [SEVERE ] updating countdown to 43159
[23:33:53.017] [SEVERE ] updating countdown to 42157
[23:33:54.019] [SEVERE ] updating countdown to 41155
[23:33:55.022] [SEVERE ] updating countdown to 40152
[23:33:56.024] [SEVERE ] updating countdown to 39150
[23:33:57.025] [SEVERE ] updating countdown to 38149
[23:33:58.027] [SEVERE ] updating countdown to 37147
[23:33:59.028] [SEVERE ] updating countdown to 36146
[23:34:00.029] [SEVERE ] updating countdown to 35145
[23:34:00.590] [SEVERE ] key 82 was pressed by player 1
[23:34:00.590] [SEVERE ] player 1 placing token on slot 3
[23:34:01.031] [SEVERE ] updating countdown to 34143
[23:34:01.263] [SEVERE ] key 82 was pressed by player 1
[23:34:01.263] [SEVERE ] removing player 1 token from slot 3
[23:34:01.779] [SEVERE ] key 69 was pressed by player 1
[23:34:01.780] [SEVERE ] player 1 placing token on slot 2
[23:34:02.033] [SEVERE ] updating countdown to 33141
[23:34:02.801] [SEVERE ] key 87 was pressed by player 1
[23:34:02.802] [SEVERE ] player 1 placing token on slot 1
[23:34:03.035] [SEVERE ] updating countdown to 32139
[23:34:03.313] [SEVERE ] key 65 was pressed by player 1
[23:34:03.314] [SEVERE ] player 1 placing token on slot 4
[23:34:03.315] [SEVERE ] updating countdown to 31859
[23:34:03.315] [SEVERE ] setting player 1 score to 2
[23:34:03.316] [SEVERE ] setting player 1 freeze to 1000
[23:34:03.317] [SEVERE ] setting player 1 freeze to 1000
[23:34:03.416] [SEVERE ] removing player 1 token from slot 1
[23:34:03.418] [SEVERE ] removing card from slot 1
[23:34:03.518] [SEVERE ] removing player 1 token from slot 2
[23:34:03.520] [SEVERE ] removing card from slot 2
[23:34:03.621] [SEVERE ] removing player 1 token from slot 4
[23:34:03.622] [SEVERE ] removing card from slot 4
[23:34:03.723] [SEVERE ] placing card 17 in slot 2
[23:34:03.825] [SEVERE ] placing card 20 in slot 4
[23:34:03.927] [SEVERE ] placing card 1 in slot 1
[23:34:04.318] [SEVERE ] setting player 1 freeze to 0
[23:34:04.928] [SEVERE ] updating countdown to 30246
[23:34:05.930] [SEVERE ] updating countdown to 29244
[23:34:06.932] [SEVERE ] updating countdown to 28242
[23:34:07.934] [SEVERE ] updating countdown to 27241
[23:34:08.935] [SEVERE ] updating countdown to 26239
[23:34:09.937] [SEVERE ] updating countdown to 25237
[23:34:10.939] [SEVERE ] updating countdown to 24235
[23:34:11.940] [SEVERE ] updating countdown to 23234
[23:34:12.942] [SEVERE ] updating countdown to 22232
[23:34:13.943] [SEVERE ] updating countdown to 21231
