[21:04:08.228] [INFO   ] thread main starting.
[21:04:08.249] [SEVERE ] cannot read configuration file config.properties trying from resources.
[21:04:08.260] [SEVERE ] configuration file was loaded from resources directory.
[21:04:09.635] [INFO   ] thread dealer starting.
[21:04:09.636] [INFO   ] thread dealer starting.
[21:04:09.637] [INFO   ] thread player 0 starting.
[21:04:09.639] [INFO   ] thread player 1 starting.
[21:04:09.639] [INFO   ] thread player 0 starting.
[21:04:09.640] [INFO   ] thread player 1 starting.
[21:04:09.749] [SEVERE ] placing card 48 in slot 1
[21:04:09.850] [SEVERE ] placing card 71 in slot 4
[21:04:09.952] [SEVERE ] placing card 33 in slot 0
[21:04:10.053] [SEVERE ] placing card 36 in slot 9
[21:04:10.156] [SEVERE ] placing card 11 in slot 5
[21:04:10.258] [SEVERE ] placing card 3 in slot 7
[21:04:10.359] [SEVERE ] placing card 57 in slot 3
[21:04:10.461] [SEVERE ] placing card 37 in slot 8
[21:04:10.563] [SEVERE ] placing card 29 in slot 2
[21:04:10.666] [SEVERE ] placing card 13 in slot 6
[21:04:10.767] [SEVERE ] placing card 19 in slot 10
[21:04:10.820] [SEVERE ] key 81 was pressed by player 1
[21:04:10.870] [SEVERE ] placing card 17 in slot 11
[21:04:10.871] [SEVERE ] updating countdown to 60000
[21:04:10.871] [SEVERE ] player 1 placing token on slot 0
[21:04:11.334] [SEVERE ] key 87 was pressed by player 1
[21:04:11.335] [SEVERE ] player 1 placing token on slot 1
[21:04:11.662] [SEVERE ] key 69 was pressed by player 1
[21:04:11.663] [SEVERE ] player 1 placing token on slot 2
[21:04:11.873] [SEVERE ] updating countdown to 59000
[21:04:12.876] [SEVERE ] updating countdown to 57997
[21:04:13.877] [SEVERE ] updating countdown to 56996
[21:04:14.880] [SEVERE ] updating countdown to 55993
[21:04:15.882] [SEVERE ] updating countdown to 54991
[21:04:16.884] [SEVERE ] updating countdown to 53989
[21:04:17.886] [SEVERE ] updating countdown to 52987
[21:04:18.889] [SEVERE ] updating countdown to 51985
[21:04:19.892] [SEVERE ] updating countdown to 50981
[21:04:20.894] [SEVERE ] updating countdown to 49979
[21:04:21.896] [SEVERE ] updating countdown to 48978
[21:04:22.897] [SEVERE ] updating countdown to 47976
[21:04:23.899] [SEVERE ] updating countdown to 46974
[21:04:24.901] [SEVERE ] updating countdown to 45972
[21:04:25.903] [SEVERE ] updating countdown to 44970
[21:04:26.904] [SEVERE ] updating countdown to 43969
[21:04:27.906] [SEVERE ] updating countdown to 42967
[21:04:28.908] [SEVERE ] updating countdown to 41965
[21:04:29.911] [SEVERE ] updating countdown to 40962
[21:04:30.913] [SEVERE ] updating countdown to 39960
[21:04:31.915] [SEVERE ] updating countdown to 38958
[21:04:32.917] [SEVERE ] updating countdown to 37956
[21:04:33.918] [SEVERE ] updating countdown to 36955
[21:04:34.920] [SEVERE ] updating countdown to 35953
[21:04:35.922] [SEVERE ] updating countdown to 34951
[21:04:36.925] [SEVERE ] updating countdown to 33948
[21:04:37.929] [SEVERE ] updating countdown to 32944
[21:04:38.931] [SEVERE ] updating countdown to 31942
[21:04:39.932] [SEVERE ] updating countdown to 30941
[21:04:40.935] [SEVERE ] updating countdown to 29938
[21:04:41.937] [SEVERE ] updating countdown to 28936
[21:04:42.939] [SEVERE ] updating countdown to 27935
[21:04:43.941] [SEVERE ] updating countdown to 26932
[21:04:44.950] [SEVERE ] updating countdown to 25923
[21:04:45.962] [SEVERE ] updating countdown to 24911
[21:04:46.965] [SEVERE ] updating countdown to 23908
[21:04:47.969] [SEVERE ] updating countdown to 22904
[21:04:48.981] [SEVERE ] updating countdown to 21892
[21:04:49.994] [SEVERE ] updating countdown to 20879
[21:04:50.999] [SEVERE ] updating countdown to 19874
[21:04:52.001] [SEVERE ] updating countdown to 18872
[21:04:53.005] [SEVERE ] updating countdown to 17869
[21:04:54.013] [SEVERE ] updating countdown to 16860
