[17:30:43.297] [INFO   ] thread main starting.
[17:30:43.313] [SEVERE ] cannot read configuration file config.properties trying from resources.
[17:30:43.330] [SEVERE ] configuration file was loaded from resources directory.
[17:30:44.793] [INFO   ] thread dealer starting.
[17:30:44.794] [INFO   ] thread dealer starting.
[17:30:44.794] [INFO   ] thread player 0 starting.
[17:30:44.795] [INFO   ] thread player 1 starting.
[17:30:44.795] [INFO   ] thread player 0 starting.
[17:30:44.796] [INFO   ] thread player 1 starting.
[17:30:44.901] [SEVERE ] placing card 55 in slot 9
[17:30:45.002] [SEVERE ] placing card 53 in slot 6
[17:30:45.104] [SEVERE ] placing card 27 in slot 8
[17:30:45.205] [SEVERE ] placing card 9 in slot 11
[17:30:45.307] [SEVERE ] placing card 17 in slot 7
[17:30:45.408] [SEVERE ] placing card 24 in slot 5
[17:30:45.509] [SEVERE ] placing card 44 in slot 0
[17:30:45.610] [SEVERE ] placing card 49 in slot 4
[17:30:45.711] [SEVERE ] placing card 75 in slot 3
[17:30:45.812] [SEVERE ] placing card 39 in slot 2
[17:30:45.913] [SEVERE ] placing card 23 in slot 1
[17:30:46.015] [SEVERE ] placing card 76 in slot 10
[17:30:47.016] [SEVERE ] updating countdown to 9223372036854775807
[17:30:47.018] [SEVERE ] setting player 1 freeze to 0
[17:30:47.018] [SEVERE ] setting player 1 freeze to 1000
[17:30:48.019] [SEVERE ] setting player 1 freeze to 2000
[17:30:48.134] [SEVERE ] exit button pressed
