[21:23:30.154] [INFO   ] thread main starting.
[21:23:30.172] [SEVERE ] cannot read configuration file config.properties trying from resources.
[21:23:30.181] [SEVERE ] configuration file was loaded from resources directory.
[21:23:31.686] [INFO   ] thread dealer starting.
[21:23:31.687] [INFO   ] thread dealer starting.
[21:23:31.688] [INFO   ] thread player 0 starting.
[21:23:31.690] [INFO   ] thread player 1 starting.
[21:23:31.690] [INFO   ] thread player 0 starting.
[21:23:31.691] [INFO   ] thread player 1 starting.
[21:23:31.800] [SEVERE ] placing card 30 in slot 5
[21:23:31.901] [SEVERE ] placing card 74 in slot 2
[21:23:32.006] [SEVERE ] placing card 8 in slot 0
[21:23:32.109] [SEVERE ] placing card 10 in slot 8
[21:23:32.213] [SEVERE ] placing card 28 in slot 11
[21:23:32.316] [SEVERE ] placing card 67 in slot 3
[21:23:32.420] [SEVERE ] placing card 78 in slot 7
[21:23:32.524] [SEVERE ] placing card 47 in slot 4
[21:23:32.628] [SEVERE ] placing card 14 in slot 6
[21:23:32.733] [SEVERE ] placing card 70 in slot 1
[21:23:32.836] [SEVERE ] placing card 75 in slot 10
[21:23:32.941] [SEVERE ] placing card 56 in slot 9
[21:23:32.944] [SEVERE ] updating countdown to 60000
[21:23:33.949] [SEVERE ] updating countdown to 58998
[21:23:34.633] [SEVERE ] key 81 was pressed by player 1
[21:23:34.634] [SEVERE ] player 1 placing token on slot 0
[21:23:34.807] [SEVERE ] key 87 was pressed by player 1
[21:23:34.808] [SEVERE ] player 1 placing token on slot 1
[21:23:34.953] [SEVERE ] updating countdown to 57993
[21:23:35.016] [SEVERE ] key 69 was pressed by player 1
[21:23:35.018] [SEVERE ] player 1 placing token on slot 2
[21:23:35.958] [SEVERE ] updating countdown to 56988
[21:23:36.961] [SEVERE ] updating countdown to 55985
[21:23:37.964] [SEVERE ] updating countdown to 54982
[21:23:37.976] [SEVERE ] key 69 was pressed by player 1
[21:23:38.328] [SEVERE ] key 87 was pressed by player 1
[21:23:38.604] [SEVERE ] key 81 was pressed by player 1
[21:23:38.974] [SEVERE ] updating countdown to 53972
[21:23:39.977] [SEVERE ] updating countdown to 52969
[21:23:40.982] [SEVERE ] updating countdown to 51964
