[23:02:46.423] [INFO   ] thread main starting.
[23:02:46.444] [SEVERE ] cannot read configuration file config.properties trying from resources.
[23:02:46.455] [SEVERE ] configuration file was loaded from resources directory.
[23:02:47.768] [INFO   ] thread dealer starting.
[23:02:47.769] [INFO   ] thread dealer starting.
[23:02:47.770] [INFO   ] thread player 0 starting.
[23:02:47.770] [INFO   ] thread player 1 starting.
[23:02:47.770] [INFO   ] thread player 0 starting.
[23:02:47.771] [INFO   ] thread player 1 starting.
[23:02:47.877] [SEVERE ] placing card 73 in slot 9
[23:02:47.978] [SEVERE ] placing card 39 in slot 6
[23:02:48.082] [SEVERE ] placing card 0 in slot 0
[23:02:48.184] [SEVERE ] placing card 35 in slot 7
[23:02:48.286] [SEVERE ] placing card 16 in slot 3
[23:02:48.388] [SEVERE ] placing card 79 in slot 10
[23:02:48.491] [SEVERE ] placing card 68 in slot 4
[23:02:48.594] [SEVERE ] placing card 55 in slot 2
[23:02:48.696] [SEVERE ] placing card 30 in slot 5
[23:02:48.798] [SEVERE ] placing card 9 in slot 1
[23:02:48.900] [SEVERE ] placing card 26 in slot 11
[23:02:49.002] [SEVERE ] placing card 47 in slot 8
[23:02:49.003] [SEVERE ] updating countdown to 60000
[23:02:50.006] [SEVERE ] updating countdown to 59000
[23:02:51.009] [SEVERE ] updating countdown to 57997
[23:02:52.012] [SEVERE ] updating countdown to 56994
[23:02:53.014] [SEVERE ] updating countdown to 55992
[23:02:54.016] [SEVERE ] updating countdown to 54990
[23:02:55.019] [SEVERE ] updating countdown to 53987
[23:02:56.022] [SEVERE ] updating countdown to 52984
[23:02:57.025] [SEVERE ] updating countdown to 51981
[23:02:58.027] [SEVERE ] updating countdown to 50979
[23:02:59.029] [SEVERE ] updating countdown to 49977
[23:03:00.031] [SEVERE ] updating countdown to 48975
[23:03:01.034] [SEVERE ] updating countdown to 47973
