[22:21:03.090] [INFO   ] thread main starting.
[22:21:03.106] [SEVERE ] cannot read configuration file config.properties trying from resources.
[22:21:03.115] [SEVERE ] configuration file was loaded from resources directory.
[22:21:04.436] [INFO   ] thread dealer starting.
[22:21:04.437] [INFO   ] thread dealer starting.
[22:21:04.438] [INFO   ] thread player 0 starting.
[22:21:04.439] [INFO   ] thread player 1 starting.
[22:21:04.439] [INFO   ] thread player 0 starting.
[22:21:04.439] [INFO   ] thread player 1 starting.
[22:21:04.546] [SEVERE ] placing card 13 in slot 4
[22:21:04.648] [SEVERE ] placing card 70 in slot 5
[22:21:04.751] [SEVERE ] placing card 39 in slot 0
[22:21:04.854] [SEVERE ] placing card 78 in slot 3
[22:21:04.956] [SEVERE ] placing card 77 in slot 10
[22:21:05.058] [SEVERE ] placing card 53 in slot 7
[22:21:05.159] [SEVERE ] placing card 50 in slot 11
[22:21:05.261] [SEVERE ] placing card 11 in slot 2
[22:21:05.365] [SEVERE ] placing card 59 in slot 6
[22:21:05.466] [SEVERE ] placing card 51 in slot 9
[22:21:05.568] [SEVERE ] placing card 67 in slot 1
[22:21:05.671] [SEVERE ] placing card 46 in slot 8
[22:21:05.672] [SEVERE ] updating countdown to 60000
[22:21:06.424] [SEVERE ] key 81 was pressed by player 1
[22:21:06.425] [SEVERE ] player 1 placing token on slot 0
[22:21:06.556] [SEVERE ] key 87 was pressed by player 1
[22:21:06.557] [SEVERE ] player 1 placing token on slot 1
[22:21:06.675] [SEVERE ] updating countdown to 59000
[22:21:06.749] [SEVERE ] key 69 was pressed by player 1
[22:21:06.749] [SEVERE ] player 1 placing token on slot 2
[22:21:07.677] [SEVERE ] updating countdown to 57997
[22:21:07.887] [SEVERE ] key 69 was pressed by player 1
[22:21:08.198] [SEVERE ] key 87 was pressed by player 1
[22:21:08.374] [SEVERE ] key 81 was pressed by player 1
[22:21:08.617] [SEVERE ] key 69 was pressed by player 1
[22:21:08.679] [SEVERE ] updating countdown to 56995
[22:21:09.682] [SEVERE ] updating countdown to 55992
[22:21:10.684] [SEVERE ] updating countdown to 54990
