[18:43:00.635] [INFO   ] thread main starting.
[18:43:00.666] [SEVERE ] cannot read configuration file config.properties trying from resources.
[18:43:00.683] [SEVERE ] configuration file was loaded from resources directory.
[18:43:02.714] [INFO   ] thread dealer starting.
[18:43:02.716] [INFO   ] thread dealer starting.
[18:43:02.718] [INFO   ] thread player 0 starting.
[18:43:02.720] [INFO   ] thread player 1 starting.
[18:43:02.720] [INFO   ] thread player 0 starting.
[18:43:02.721] [INFO   ] thread player 1 starting.
[18:43:02.833] [SEVERE ] placing card 32 in slot 11
[18:43:02.935] [SEVERE ] placing card 12 in slot 3
[18:43:03.043] [SEVERE ] placing card 33 in slot 7
[18:43:03.144] [SEVERE ] placing card 42 in slot 5
[18:43:03.245] [SEVERE ] placing card 7 in slot 2
[18:43:03.347] [SEVERE ] placing card 1 in slot 9
[18:43:03.448] [SEVERE ] placing card 47 in slot 0
[18:43:03.550] [SEVERE ] placing card 54 in slot 1
[18:43:03.652] [SEVERE ] placing card 19 in slot 10
[18:43:03.754] [SEVERE ] placing card 3 in slot 8
[18:43:03.855] [SEVERE ] placing card 58 in slot 4
[18:43:03.957] [SEVERE ] placing card 11 in slot 6
[18:43:03.959] [SEVERE ] updating countdown to 60000
[18:43:04.962] [SEVERE ] updating countdown to 59000
[18:43:05.142] [SEVERE ] key 81 was pressed by player 1
[18:43:05.146] [SEVERE ] player 1 placing token on slot 0
[18:43:05.159] [SEVERE ] key 87 was pressed by player 1
[18:43:05.162] [SEVERE ] player 1 placing token on slot 1
[18:43:05.241] [SEVERE ] key 69 was pressed by player 1
[18:43:05.243] [SEVERE ] player 1 placing token on slot 2
[18:43:05.419] [SEVERE ] key 69 was pressed by player 1
[18:43:05.420] [SEVERE ] removing player 1 token from slot 2
[18:43:05.964] [SEVERE ] updating countdown to 57998
[18:43:06.107] [SEVERE ] key 69 was pressed by player 1
[18:43:06.109] [SEVERE ] player 1 placing token on slot 2
[18:43:06.267] [SEVERE ] key 69 was pressed by player 1
[18:43:06.268] [SEVERE ] removing player 1 token from slot 2
[18:43:06.714] [SEVERE ] key 69 was pressed by player 1
[18:43:06.715] [SEVERE ] player 1 placing token on slot 2
[18:43:06.845] [SEVERE ] key 69 was pressed by player 1
[18:43:06.846] [SEVERE ] removing player 1 token from slot 2
[18:43:06.966] [SEVERE ] updating countdown to 56996
[18:43:07.446] [SEVERE ] key 69 was pressed by player 1
[18:43:07.448] [SEVERE ] player 1 placing token on slot 2
[18:43:07.570] [SEVERE ] key 69 was pressed by player 1
[18:43:07.572] [SEVERE ] removing player 1 token from slot 2
[18:43:07.968] [SEVERE ] updating countdown to 55995
[18:43:08.018] [SEVERE ] key 69 was pressed by player 1
[18:43:08.023] [SEVERE ] player 1 placing token on slot 2
[18:43:08.261] [SEVERE ] key 69 was pressed by player 1
[18:43:08.262] [SEVERE ] removing player 1 token from slot 2
[18:43:08.806] [SEVERE ] key 69 was pressed by player 1
[18:43:08.807] [SEVERE ] player 1 placing token on slot 2
[18:43:08.969] [SEVERE ] updating countdown to 54993
[18:43:08.971] [SEVERE ] setting player 1 freeze to 3000
[18:43:08.972] [SEVERE ] setting player 1 freeze to 3000
[18:43:08.997] [SEVERE ] key 69 was pressed by player 1
[18:43:09.935] [SEVERE ] key 69 was pressed by player 1
[18:43:09.971] [SEVERE ] updating countdown to 53991
[18:43:09.973] [SEVERE ] setting player 1 freeze to 2000
[18:43:10.702] [SEVERE ] key 69 was pressed by player 1
[18:43:10.973] [SEVERE ] updating countdown to 52990
[18:43:10.974] [SEVERE ] setting player 1 freeze to 1000
[18:43:11.881] [SEVERE ] key 69 was pressed by player 1
[18:43:11.974] [SEVERE ] updating countdown to 51988
[18:43:11.975] [SEVERE ] setting player 1 freeze to 0
[18:43:12.514] [SEVERE ] key 69 was pressed by player 1
[18:43:12.515] [SEVERE ] removing player 1 token from slot 2
[18:43:12.976] [SEVERE ] updating countdown to 50986
