[23:11:19.787] [INFO   ] thread main starting.
[23:11:19.809] [SEVERE ] cannot read configuration file config.properties trying from resources.
[23:11:19.821] [SEVERE ] configuration file was loaded from resources directory.
[23:11:21.150] [INFO   ] thread dealer starting.
[23:11:21.151] [INFO   ] thread dealer starting.
[23:11:21.152] [INFO   ] thread player 0 starting.
[23:11:21.153] [INFO   ] thread player 1 starting.
[23:11:21.153] [INFO   ] thread player 0 starting.
[23:11:21.154] [INFO   ] thread player 1 starting.
[23:11:21.260] [SEVERE ] placing card 19 in slot 11
[23:11:21.362] [SEVERE ] placing card 80 in slot 8
[23:11:21.465] [SEVERE ] placing card 39 in slot 3
[23:11:21.567] [SEVERE ] placing card 58 in slot 0
[23:11:21.670] [SEVERE ] placing card 77 in slot 1
[23:11:21.771] [SEVERE ] placing card 60 in slot 9
[23:11:21.873] [SEVERE ] placing card 30 in slot 7
[23:11:21.975] [SEVERE ] placing card 41 in slot 2
[23:11:22.078] [SEVERE ] placing card 61 in slot 4
[23:11:22.180] [SEVERE ] placing card 48 in slot 10
[23:11:22.282] [SEVERE ] placing card 52 in slot 6
[23:11:22.384] [SEVERE ] placing card 18 in slot 5
[23:11:22.386] [SEVERE ] updating countdown to 60000
[23:11:23.388] [SEVERE ] updating countdown to 59000
[23:11:24.390] [SEVERE ] updating countdown to 57998
[23:11:25.392] [SEVERE ] updating countdown to 56996
[23:11:26.394] [SEVERE ] updating countdown to 55994
[23:11:27.396] [SEVERE ] updating countdown to 54992
[23:11:28.398] [SEVERE ] updating countdown to 53990
[23:11:29.400] [SEVERE ] updating countdown to 52988
[23:11:30.402] [SEVERE ] updating countdown to 51986
[23:11:31.404] [SEVERE ] updating countdown to 50984
[23:11:31.694] [SEVERE ] key 82 was pressed by player 1
[23:11:31.695] [SEVERE ] player 1 placing token on slot 3
[23:11:32.043] [SEVERE ] key 68 was pressed by player 1
[23:11:32.044] [SEVERE ] player 1 placing token on slot 6
[23:11:32.406] [SEVERE ] updating countdown to 49982
[23:11:33.409] [SEVERE ] updating countdown to 48980
[23:11:33.764] [SEVERE ] key 68 was pressed by player 1
[23:11:33.765] [SEVERE ] removing player 1 token from slot 6
[23:11:34.303] [SEVERE ] key 70 was pressed by player 1
[23:11:34.304] [SEVERE ] player 1 placing token on slot 7
[23:11:34.411] [SEVERE ] updating countdown to 47978
[23:11:35.075] [SEVERE ] key 67 was pressed by player 1
[23:11:35.076] [SEVERE ] player 1 placing token on slot 10
[23:11:35.077] [SEVERE ] updating countdown to 47311
[23:11:35.077] [SEVERE ] setting player 1 score to 1
[23:11:35.078] [SEVERE ] setting player 1 freeze to 1000
[23:11:35.178] [SEVERE ] removing player 1 token from slot 3
[23:11:35.180] [SEVERE ] removing card from slot 3
[23:11:35.281] [SEVERE ] removing player 1 token from slot 7
[23:11:35.282] [SEVERE ] removing card from slot 7
[23:11:35.383] [SEVERE ] removing player 1 token from slot 10
[23:11:35.385] [SEVERE ] removing card from slot 10
[23:11:35.486] [SEVERE ] placing card 71 in slot 3
[23:11:35.588] [SEVERE ] placing card 25 in slot 10
[23:11:35.690] [SEVERE ] placing card 78 in slot 7
[23:11:36.692] [SEVERE ] updating countdown to 45696
[23:11:37.695] [SEVERE ] updating countdown to 44693
[23:11:38.696] [SEVERE ] updating countdown to 43692
[23:11:39.698] [SEVERE ] updating countdown to 42691
[23:11:40.700] [SEVERE ] updating countdown to 41688
[23:11:41.701] [SEVERE ] updating countdown to 40687
[23:11:42.703] [SEVERE ] updating countdown to 39685
[23:11:43.705] [SEVERE ] updating countdown to 38684
[23:11:44.707] [SEVERE ] updating countdown to 37681
[23:11:45.708] [SEVERE ] updating countdown to 36680
[23:11:46.710] [SEVERE ] updating countdown to 35678
[23:11:47.125] [SEVERE ] exit button pressed
[23:11:47.712] [SEVERE ] updating countdown to 34676
[23:11:48.713] [SEVERE ] updating countdown to 33675
[23:11:49.715] [SEVERE ] updating countdown to 32673
