[21:11:41.223] [INFO   ] thread main starting.
[21:11:41.243] [SEVERE ] cannot read configuration file config.properties trying from resources.
[21:11:41.254] [SEVERE ] configuration file was loaded from resources directory.
[21:11:42.785] [INFO   ] thread dealer starting.
[21:11:42.788] [INFO   ] thread dealer starting.
[21:11:42.789] [INFO   ] thread player 0 starting.
[21:11:42.790] [INFO   ] thread player 1 starting.
[21:11:42.791] [INFO   ] thread player 0 starting.
[21:11:42.792] [INFO   ] thread player 1 starting.
[21:11:42.901] [SEVERE ] placing card 33 in slot 2
[21:11:43.004] [SEVERE ] placing card 7 in slot 4
[21:11:43.108] [SEVERE ] placing card 56 in slot 1
[21:11:43.212] [SEVERE ] placing card 23 in slot 0
[21:11:43.314] [SEVERE ] placing card 67 in slot 10
[21:11:43.423] [SEVERE ] placing card 38 in slot 8
[21:11:43.526] [SEVERE ] placing card 69 in slot 9
[21:11:43.628] [SEVERE ] placing card 50 in slot 11
[21:11:43.730] [SEVERE ] placing card 64 in slot 3
[21:11:43.832] [SEVERE ] placing card 36 in slot 5
[21:11:43.935] [SEVERE ] placing card 11 in slot 7
[21:11:44.041] [SEVERE ] placing card 55 in slot 6
[21:11:44.043] [SEVERE ] updating countdown to 60000
[21:11:45.046] [SEVERE ] updating countdown to 58999
[21:11:45.099] [SEVERE ] key 81 was pressed by player 1
[21:11:45.100] [SEVERE ] player 1 placing token on slot 0
[21:11:45.441] [SEVERE ] key 87 was pressed by player 1
[21:11:45.443] [SEVERE ] player 1 placing token on slot 1
[21:11:45.452] [SEVERE ] key 81 was pressed by player 1
[21:11:45.453] [SEVERE ] removing player 1 token from slot 0
[21:11:46.071] [SEVERE ] key 81 was pressed by player 1
[21:11:46.072] [SEVERE ] player 1 placing token on slot 0
[21:11:46.077] [SEVERE ] updating countdown to 57968
[21:11:46.476] [SEVERE ] key 69 was pressed by player 1
[21:11:46.477] [SEVERE ] player 1 placing token on slot 2
[21:11:47.079] [SEVERE ] updating countdown to 56966
[21:11:48.084] [SEVERE ] updating countdown to 55962
[21:11:49.099] [SEVERE ] updating countdown to 54947
[21:11:50.105] [SEVERE ] updating countdown to 53940
[21:11:51.112] [SEVERE ] updating countdown to 52933
[21:11:52.119] [SEVERE ] updating countdown to 51926
[21:11:53.122] [SEVERE ] updating countdown to 50923
[21:11:54.125] [SEVERE ] updating countdown to 49920
[21:11:55.153] [SEVERE ] updating countdown to 48892
