[18:53:56.074] [INFO   ] thread main starting.
[18:53:56.104] [SEVERE ] cannot read configuration file config.properties trying from resources.
[18:53:56.122] [SEVERE ] configuration file was loaded from resources directory.
[18:53:58.273] [INFO   ] thread dealer starting.
[18:53:58.277] [INFO   ] thread dealer starting.
[18:53:58.280] [INFO   ] thread player 0 starting.
[18:53:58.281] [INFO   ] thread player 1 starting.
[18:53:58.281] [INFO   ] thread player 0 starting.
[18:53:58.283] [INFO   ] thread player 1 starting.
[18:53:58.391] [SEVERE ] placing card 73 in slot 5
[18:53:58.493] [SEVERE ] placing card 1 in slot 8
[18:53:58.595] [SEVERE ] placing card 74 in slot 1
[18:53:58.697] [SEVERE ] placing card 13 in slot 0
[18:53:58.799] [SEVERE ] placing card 41 in slot 3
[18:53:58.900] [SEVERE ] placing card 26 in slot 2
[18:53:59.002] [SEVERE ] placing card 58 in slot 10
[18:53:59.103] [SEVERE ] placing card 53 in slot 6
[18:53:59.204] [SEVERE ] placing card 79 in slot 4
[18:53:59.306] [SEVERE ] placing card 23 in slot 7
[18:53:59.407] [SEVERE ] placing card 34 in slot 11
[18:53:59.509] [SEVERE ] placing card 7 in slot 9
[18:53:59.511] [SEVERE ] updating countdown to 60000
[18:54:00.513] [SEVERE ] updating countdown to 59000
[18:54:01.515] [SEVERE ] updating countdown to 57998
[18:54:02.517] [SEVERE ] updating countdown to 56996
[18:54:03.519] [SEVERE ] updating countdown to 55994
[18:54:04.521] [SEVERE ] updating countdown to 54993
